{"/Users/albertsu/Desktop/sdk/src/config/index.ts":{"path":"/Users/albertsu/Desktop/sdk/src/config/index.ts","statementMap":{"0":{"start":{"line":2,"column":22},"end":{"line":12,"column":3}},"1":{"start":{"line":3,"column":4},"end":{"line":3,"column":33}},"2":{"start":{"line":3,"column":26},"end":{"line":3,"column":33}},"3":{"start":{"line":4,"column":15},"end":{"line":4,"column":52}},"4":{"start":{"line":5,"column":4},"end":{"line":7,"column":5}},"5":{"start":{"line":6,"column":6},"end":{"line":6,"column":68}},"6":{"start":{"line":6,"column":51},"end":{"line":6,"column":63}},"7":{"start":{"line":8,"column":4},"end":{"line":8,"column":39}},"8":{"start":{"line":10,"column":4},"end":{"line":10,"column":33}},"9":{"start":{"line":10,"column":26},"end":{"line":10,"column":33}},"10":{"start":{"line":11,"column":4},"end":{"line":11,"column":17}},"11":{"start":{"line":13,"column":19},"end":{"line":15,"column":1}},"12":{"start":{"line":14,"column":4},"end":{"line":14,"column":126}},"13":{"start":{"line":14,"column":21},"end":{"line":14,"column":126}},"14":{"start":{"line":14,"column":95},"end":{"line":14,"column":126}},"15":{"start":{"line":16,"column":0},"end":{"line":16,"column":62}},"16":{"start":{"line":17,"column":0},"end":{"line":17,"column":43}},"17":{"start":{"line":18,"column":0},"end":{"line":18,"column":42}}},"fnMap":{"0":{"name":"(anonymous_0)","decl":{"start":{"line":2,"column":74},"end":{"line":2,"column":75}},"loc":{"start":{"line":2,"column":96},"end":{"line":9,"column":1}},"line":2},"1":{"name":"(anonymous_1)","decl":{"start":{"line":6,"column":38},"end":{"line":6,"column":39}},"loc":{"start":{"line":6,"column":49},"end":{"line":6,"column":65}},"line":6},"2":{"name":"(anonymous_2)","decl":{"start":{"line":9,"column":6},"end":{"line":9,"column":7}},"loc":{"start":{"line":9,"column":28},"end":{"line":12,"column":1}},"line":9},"3":{"name":"(anonymous_3)","decl":{"start":{"line":13,"column":50},"end":{"line":13,"column":51}},"loc":{"start":{"line":13,"column":71},"end":{"line":15,"column":1}},"line":13}},"branchMap":{"0":{"loc":{"start":{"line":2,"column":22},"end":{"line":12,"column":3}},"type":"binary-expr","locations":[{"start":{"line":2,"column":23},"end":{"line":2,"column":27}},{"start":{"line":2,"column":31},"end":{"line":2,"column":51}},{"start":{"line":2,"column":57},"end":{"line":12,"column":2}}],"line":2},"1":{"loc":{"start":{"line":2,"column":57},"end":{"line":12,"column":2}},"type":"cond-expr","locations":[{"start":{"line":2,"column":74},"end":{"line":9,"column":1}},{"start":{"line":9,"column":6},"end":{"line":12,"column":1}}],"line":2},"2":{"loc":{"start":{"line":3,"column":4},"end":{"line":3,"column":33}},"type":"if","locations":[{"start":{"line":3,"column":4},"end":{"line":3,"column":33}},{"start":{"line":3,"column":4},"end":{"line":3,"column":33}}],"line":3},"3":{"loc":{"start":{"line":5,"column":4},"end":{"line":7,"column":5}},"type":"if","locations":[{"start":{"line":5,"column":4},"end":{"line":7,"column":5}},{"start":{"line":5,"column":4},"end":{"line":7,"column":5}}],"line":5},"4":{"loc":{"start":{"line":5,"column":8},"end":{"line":5,"column":85}},"type":"binary-expr","locations":[{"start":{"line":5,"column":8},"end":{"line":5,"column":13}},{"start":{"line":5,"column":18},"end":{"line":5,"column":84}}],"line":5},"5":{"loc":{"start":{"line":5,"column":18},"end":{"line":5,"column":84}},"type":"cond-expr","locations":[{"start":{"line":5,"column":34},"end":{"line":5,"column":47}},{"start":{"line":5,"column":50},"end":{"line":5,"column":84}}],"line":5},"6":{"loc":{"start":{"line":5,"column":50},"end":{"line":5,"column":84}},"type":"binary-expr","locations":[{"start":{"line":5,"column":50},"end":{"line":5,"column":63}},{"start":{"line":5,"column":67},"end":{"line":5,"column":84}}],"line":5},"7":{"loc":{"start":{"line":10,"column":4},"end":{"line":10,"column":33}},"type":"if","locations":[{"start":{"line":10,"column":4},"end":{"line":10,"column":33}},{"start":{"line":10,"column":4},"end":{"line":10,"column":33}}],"line":10},"8":{"loc":{"start":{"line":13,"column":19},"end":{"line":15,"column":1}},"type":"binary-expr","locations":[{"start":{"line":13,"column":20},"end":{"line":13,"column":24}},{"start":{"line":13,"column":28},"end":{"line":13,"column":45}},{"start":{"line":13,"column":50},"end":{"line":15,"column":1}}],"line":13},"9":{"loc":{"start":{"line":14,"column":21},"end":{"line":14,"column":126}},"type":"if","locations":[{"start":{"line":14,"column":21},"end":{"line":14,"column":126}},{"start":{"line":14,"column":21},"end":{"line":14,"column":126}}],"line":14},"10":{"loc":{"start":{"line":14,"column":25},"end":{"line":14,"column":93}},"type":"binary-expr","locations":[{"start":{"line":14,"column":25},"end":{"line":14,"column":40}},{"start":{"line":14,"column":44},"end":{"line":14,"column":93}}],"line":14}},"s":{"0":1,"1":2,"2":2,"3":2,"4":2,"5":2,"6":5,"7":2,"8":0,"9":0,"10":0,"11":1,"12":2,"13":2,"14":2,"15":1,"16":1,"17":1},"f":{"0":2,"1":5,"2":0,"3":2},"b":{"0":[1,1,1],"1":[1,0],"2":[2,0],"3":[2,0],"4":[2,2],"5":[0,2],"6":[2,0],"7":[0,0],"8":[1,1,1],"9":[2,0],"10":[2,2]},"inputSourceMap":{"version":3,"file":"/Users/albertsu/Desktop/sdk/src/config/index.ts","sources":["/Users/albertsu/Desktop/sdk/src/config/index.ts"],"names":[],"mappings":";;;;;;;;;;;;;;;;AAAA,2CAAwB;AACxB,0CAAuB","sourcesContent":["export * from \"./Config\"\nexport * from \"./types\"\n"]},"_coverageSchema":"1a1c01bbd47fc00a2c39e90264f33305004495a9","hash":"f431020b919d9a784f017e5678cbf55149c0ca47","contentHash":"9257bbb3ea7b5857b00e9c11a4f47f702663b4a3133654c65b97a3499ca9c927"},"/Users/albertsu/Desktop/sdk/src/config/Config.ts":{"path":"/Users/albertsu/Desktop/sdk/src/config/Config.ts","statementMap":{"0":{"start":{"line":2,"column":0},"end":{"line":2,"column":62}},"1":{"start":{"line":3,"column":0},"end":{"line":3,"column":61}},"2":{"start":{"line":4,"column":15},"end":{"line":4,"column":33}},"3":{"start":{"line":5,"column":20},"end":{"line":5,"column":50}},"4":{"start":{"line":6,"column":15},"end":{"line":6,"column":33}},"5":{"start":{"line":8,"column":26},"end":{"line":8,"column":52}},"6":{"start":{"line":9,"column":4},"end":{"line":9,"column":43}},"7":{"start":{"line":11,"column":0},"end":{"line":11,"column":36}},"8":{"start":{"line":13,"column":19},"end":{"line":13,"column":29}},"9":{"start":{"line":14,"column":4},"end":{"line":14,"column":32}},"10":{"start":{"line":15,"column":28},"end":{"line":15,"column":50}},"11":{"start":{"line":16,"column":4},"end":{"line":21,"column":5}},"12":{"start":{"line":17,"column":8},"end":{"line":17,"column":72}},"13":{"start":{"line":20,"column":8},"end":{"line":20,"column":120}},"14":{"start":{"line":22,"column":4},"end":{"line":27,"column":5}},"15":{"start":{"line":23,"column":8},"end":{"line":23,"column":65}},"16":{"start":{"line":26,"column":8},"end":{"line":26,"column":88}},"17":{"start":{"line":28,"column":4},"end":{"line":28,"column":83}},"18":{"start":{"line":29,"column":4},"end":{"line":29,"column":100}},"19":{"start":{"line":30,"column":4},"end":{"line":30,"column":72}},"20":{"start":{"line":31,"column":4},"end":{"line":31,"column":104}},"21":{"start":{"line":33,"column":0},"end":{"line":33,"column":52}}},"fnMap":{"0":{"name":"parseOptions","decl":{"start":{"line":7,"column":9},"end":{"line":7,"column":21}},"loc":{"start":{"line":7,"column":30},"end":{"line":10,"column":1}},"line":7},"1":{"name":"configureEnvironment","decl":{"start":{"line":12,"column":15},"end":{"line":12,"column":35}},"loc":{"start":{"line":12,"column":44},"end":{"line":32,"column":1}},"line":12}},"branchMap":{"0":{"loc":{"start":{"line":16,"column":4},"end":{"line":21,"column":5}},"type":"if","locations":[{"start":{"line":16,"column":4},"end":{"line":21,"column":5}},{"start":{"line":16,"column":4},"end":{"line":21,"column":5}}],"line":16},"1":{"loc":{"start":{"line":16,"column":8},"end":{"line":16,"column":47}},"type":"binary-expr","locations":[{"start":{"line":16,"column":8},"end":{"line":16,"column":21}},{"start":{"line":16,"column":25},"end":{"line":16,"column":47}}],"line":16},"2":{"loc":{"start":{"line":20,"column":32},"end":{"line":20,"column":119}},"type":"cond-expr","locations":[{"start":{"line":20,"column":47},"end":{"line":20,"column":95}},{"start":{"line":20,"column":98},"end":{"line":20,"column":119}}],"line":20},"3":{"loc":{"start":{"line":22,"column":4},"end":{"line":27,"column":5}},"type":"if","locations":[{"start":{"line":22,"column":4},"end":{"line":27,"column":5}},{"start":{"line":22,"column":4},"end":{"line":27,"column":5}}],"line":22},"4":{"loc":{"start":{"line":22,"column":8},"end":{"line":22,"column":49}},"type":"binary-expr","locations":[{"start":{"line":22,"column":8},"end":{"line":22,"column":22}},{"start":{"line":22,"column":26},"end":{"line":22,"column":49}}],"line":22},"5":{"loc":{"start":{"line":26,"column":33},"end":{"line":26,"column":87}},"type":"cond-expr","locations":[{"start":{"line":26,"column":49},"end":{"line":26,"column":62}},{"start":{"line":26,"column":65},"end":{"line":26,"column":87}}],"line":26},"6":{"loc":{"start":{"line":29,"column":33},"end":{"line":29,"column":99}},"type":"cond-expr","locations":[{"start":{"line":29,"column":53},"end":{"line":29,"column":70}},{"start":{"line":29,"column":73},"end":{"line":29,"column":99}}],"line":29},"7":{"loc":{"start":{"line":30,"column":26},"end":{"line":30,"column":71}},"type":"cond-expr","locations":[{"start":{"line":30,"column":39},"end":{"line":30,"column":49}},{"start":{"line":30,"column":52},"end":{"line":30,"column":71}}],"line":30},"8":{"loc":{"start":{"line":31,"column":34},"end":{"line":31,"column":103}},"type":"cond-expr","locations":[{"start":{"line":31,"column":55},"end":{"line":31,"column":73}},{"start":{"line":31,"column":76},"end":{"line":31,"column":103}}],"line":31}},"s":{"0":1,"1":1,"2":1,"3":1,"4":1,"5":0,"6":0,"7":1,"8":5,"9":5,"10":5,"11":5,"12":0,"13":5,"14":5,"15":0,"16":5,"17":5,"18":5,"19":5,"20":5,"21":1},"f":{"0":0,"1":5},"b":{"0":[0,5],"1":[5,0],"2":[5,0],"3":[0,5],"4":[5,0],"5":[5,0],"6":[0,5],"7":[0,5],"8":[0,5]},"inputSourceMap":{"version":3,"file":"/Users/albertsu/Desktop/sdk/src/config/Config.ts","sources":["/Users/albertsu/Desktop/sdk/src/config/Config.ts"],"names":[],"mappings":";;;AACA,kCAAoC;AACpC,mDAAyD;AACzD,kCAA0C;AAE1C,SAAgB,YAAY,CAAC,MAAiB;IAC1C,MAAM,aAAa,GAAI,UAAkB,CAAC,eAAe,CAAA;IACzD,OAAO,EAAE,GAAG,aAAa,EAAE,GAAG,MAAM,EAAE,CAAA;AAC1C,CAAC;AAHD,oCAGC;AAEM,KAAK,UAAU,oBAAoB,CAAC,MAAuB;IAC9D,MAAM,MAAM,GAAG,UAAiB,CAAA;IAChC,MAAM,CAAC,eAAe,GAAG,EAAE,CAAA;IAC3B,MAAM,eAAe,GAAG,MAAM,CAAC,eAAkC,CAAA;IACjE,IAAI,CAAC,MAAM,CAAC,KAAK,IAAI,CAAC,eAAe,CAAC,KAAK,EAAE;QACzC,eAAe,CAAC,KAAK,GAAG,MAAM,IAAA,uBAAgB,EAAC,GAAG,CAAC,CAAA;KACtD;SAAM;QACH,eAAe,CAAC,KAAK,GAAG,MAAM,CAAC,KAAK,CAAC,CAAC,CAAC,MAAM,IAAA,uBAAgB,EAAC,MAAM,CAAC,KAAK,CAAC,CAAC,CAAC,CAAC,eAAe,CAAC,KAAK,CAAA;KACtG;IAED,IAAI,CAAC,MAAM,CAAC,MAAM,IAAI,CAAC,eAAe,CAAC,MAAM,EAAE;QAC3C,eAAe,CAAC,MAAM,GAAG,+BAAmB,CAAA;KAC/C;SAAM;QACH,eAAe,CAAC,MAAM,GAAG,MAAM,CAAC,MAAM,CAAC,CAAC,CAAC,MAAM,CAAC,MAAM,CAAC,CAAC,CAAC,eAAe,CAAC,MAAM,CAAA;KAClF;IAED,eAAe,CAAC,OAAO,GAAG,MAAM,IAAA,iBAAU,EAAC,eAAe,CAAC,MAAO,CAAC,CAAA;IACnE,eAAe,CAAC,UAAU,GAAG,MAAM,CAAC,UAAU,CAAC,CAAC,CAAC,MAAM,CAAC,UAAU,CAAC,CAAC,CAAC,eAAe,CAAC,UAAU,CAAA;IAC/F,eAAe,CAAC,GAAG,GAAG,MAAM,CAAC,GAAG,CAAC,CAAC,CAAC,MAAM,CAAC,GAAG,CAAC,CAAC,CAAC,eAAe,CAAC,GAAG,CAAA;IACnE,eAAe,CAAC,WAAW,GAAG,MAAM,CAAC,WAAW,CAAC,CAAC,CAAC,MAAM,CAAC,WAAW,CAAC,CAAC,CAAC,eAAe,CAAC,WAAW,CAAA;AACvG,CAAC;AApBD,oDAoBC","sourcesContent":["import { EnvOption, GlobalEnvOption } from \"./types\"\nimport { getOrgInfo } from \"../apis\"\nimport { OPTION_TEST_API_KEY } from \"../common/constants\"\nimport { getChainFromData } from \"../data\"\n\nexport function parseOptions(option: EnvOption) {\n    const globalOptions = (globalThis as any).globalEnvOption\n    return { ...globalOptions, ...option }\n}\n\nexport async function configureEnvironment(option: GlobalEnvOption) {\n    const global = globalThis as any\n    global.globalEnvOption = {}\n    const globalEnvOption = global.globalEnvOption as GlobalEnvOption\n    if (!option.chain && !globalEnvOption.chain) {\n        globalEnvOption.chain = await getChainFromData(\"5\")\n    } else {\n        globalEnvOption.chain = option.chain ? await getChainFromData(option.chain) : globalEnvOption.chain\n    }\n\n    if (!option.apiKey && !globalEnvOption.apiKey) {\n        globalEnvOption.apiKey = OPTION_TEST_API_KEY\n    } else {\n        globalEnvOption.apiKey = option.apiKey ? option.apiKey : globalEnvOption.apiKey\n    }\n\n    globalEnvOption.orgInfo = await getOrgInfo(globalEnvOption.apiKey!)\n    globalEnvOption.gasSponsor = option.gasSponsor ? option.gasSponsor : globalEnvOption.gasSponsor\n    globalEnvOption.fee = option.fee ? option.fee : globalEnvOption.fee\n    globalEnvOption.sendTxLater = option.sendTxLater ? option.sendTxLater : globalEnvOption.sendTxLater\n}\n"]},"_coverageSchema":"1a1c01bbd47fc00a2c39e90264f33305004495a9","hash":"6e68450c0716f924e7eb8c66c5f47c14d7fae167","contentHash":"263c7e14b849eb0707a0f5f38a4d6214605e07130144dfe6bcb2c4861551c4de"},"/Users/albertsu/Desktop/sdk/src/apis/index.ts":{"path":"/Users/albertsu/Desktop/sdk/src/apis/index.ts","statementMap":{"0":{"start":{"line":2,"column":22},"end":{"line":12,"column":3}},"1":{"start":{"line":3,"column":4},"end":{"line":3,"column":33}},"2":{"start":{"line":3,"column":26},"end":{"line":3,"column":33}},"3":{"start":{"line":4,"column":15},"end":{"line":4,"column":52}},"4":{"start":{"line":5,"column":4},"end":{"line":7,"column":5}},"5":{"start":{"line":6,"column":6},"end":{"line":6,"column":68}},"6":{"start":{"line":6,"column":51},"end":{"line":6,"column":63}},"7":{"start":{"line":8,"column":4},"end":{"line":8,"column":39}},"8":{"start":{"line":10,"column":4},"end":{"line":10,"column":33}},"9":{"start":{"line":10,"column":26},"end":{"line":10,"column":33}},"10":{"start":{"line":11,"column":4},"end":{"line":11,"column":17}},"11":{"start":{"line":13,"column":19},"end":{"line":15,"column":1}},"12":{"start":{"line":14,"column":4},"end":{"line":14,"column":126}},"13":{"start":{"line":14,"column":21},"end":{"line":14,"column":126}},"14":{"start":{"line":14,"column":95},"end":{"line":14,"column":126}},"15":{"start":{"line":16,"column":0},"end":{"line":16,"column":62}},"16":{"start":{"line":17,"column":0},"end":{"line":17,"column":46}},"17":{"start":{"line":18,"column":0},"end":{"line":18,"column":45}},"18":{"start":{"line":19,"column":0},"end":{"line":19,"column":48}},"19":{"start":{"line":20,"column":0},"end":{"line":20,"column":50}},"20":{"start":{"line":21,"column":0},"end":{"line":21,"column":45}},"21":{"start":{"line":22,"column":0},"end":{"line":22,"column":46}},"22":{"start":{"line":23,"column":0},"end":{"line":23,"column":49}}},"fnMap":{"0":{"name":"(anonymous_0)","decl":{"start":{"line":2,"column":74},"end":{"line":2,"column":75}},"loc":{"start":{"line":2,"column":96},"end":{"line":9,"column":1}},"line":2},"1":{"name":"(anonymous_1)","decl":{"start":{"line":6,"column":38},"end":{"line":6,"column":39}},"loc":{"start":{"line":6,"column":49},"end":{"line":6,"column":65}},"line":6},"2":{"name":"(anonymous_2)","decl":{"start":{"line":9,"column":6},"end":{"line":9,"column":7}},"loc":{"start":{"line":9,"column":28},"end":{"line":12,"column":1}},"line":9},"3":{"name":"(anonymous_3)","decl":{"start":{"line":13,"column":50},"end":{"line":13,"column":51}},"loc":{"start":{"line":13,"column":71},"end":{"line":15,"column":1}},"line":13}},"branchMap":{"0":{"loc":{"start":{"line":2,"column":22},"end":{"line":12,"column":3}},"type":"binary-expr","locations":[{"start":{"line":2,"column":23},"end":{"line":2,"column":27}},{"start":{"line":2,"column":31},"end":{"line":2,"column":51}},{"start":{"line":2,"column":57},"end":{"line":12,"column":2}}],"line":2},"1":{"loc":{"start":{"line":2,"column":57},"end":{"line":12,"column":2}},"type":"cond-expr","locations":[{"start":{"line":2,"column":74},"end":{"line":9,"column":1}},{"start":{"line":9,"column":6},"end":{"line":12,"column":1}}],"line":2},"2":{"loc":{"start":{"line":3,"column":4},"end":{"line":3,"column":33}},"type":"if","locations":[{"start":{"line":3,"column":4},"end":{"line":3,"column":33}},{"start":{"line":3,"column":4},"end":{"line":3,"column":33}}],"line":3},"3":{"loc":{"start":{"line":5,"column":4},"end":{"line":7,"column":5}},"type":"if","locations":[{"start":{"line":5,"column":4},"end":{"line":7,"column":5}},{"start":{"line":5,"column":4},"end":{"line":7,"column":5}}],"line":5},"4":{"loc":{"start":{"line":5,"column":8},"end":{"line":5,"column":85}},"type":"binary-expr","locations":[{"start":{"line":5,"column":8},"end":{"line":5,"column":13}},{"start":{"line":5,"column":18},"end":{"line":5,"column":84}}],"line":5},"5":{"loc":{"start":{"line":5,"column":18},"end":{"line":5,"column":84}},"type":"cond-expr","locations":[{"start":{"line":5,"column":34},"end":{"line":5,"column":47}},{"start":{"line":5,"column":50},"end":{"line":5,"column":84}}],"line":5},"6":{"loc":{"start":{"line":5,"column":50},"end":{"line":5,"column":84}},"type":"binary-expr","locations":[{"start":{"line":5,"column":50},"end":{"line":5,"column":63}},{"start":{"line":5,"column":67},"end":{"line":5,"column":84}}],"line":5},"7":{"loc":{"start":{"line":10,"column":4},"end":{"line":10,"column":33}},"type":"if","locations":[{"start":{"line":10,"column":4},"end":{"line":10,"column":33}},{"start":{"line":10,"column":4},"end":{"line":10,"column":33}}],"line":10},"8":{"loc":{"start":{"line":13,"column":19},"end":{"line":15,"column":1}},"type":"binary-expr","locations":[{"start":{"line":13,"column":20},"end":{"line":13,"column":24}},{"start":{"line":13,"column":28},"end":{"line":13,"column":45}},{"start":{"line":13,"column":50},"end":{"line":15,"column":1}}],"line":13},"9":{"loc":{"start":{"line":14,"column":21},"end":{"line":14,"column":126}},"type":"if","locations":[{"start":{"line":14,"column":21},"end":{"line":14,"column":126}},{"start":{"line":14,"column":21},"end":{"line":14,"column":126}}],"line":14},"10":{"loc":{"start":{"line":14,"column":25},"end":{"line":14,"column":93}},"type":"binary-expr","locations":[{"start":{"line":14,"column":25},"end":{"line":14,"column":40}},{"start":{"line":14,"column":44},"end":{"line":14,"column":93}}],"line":14}},"s":{"0":1,"1":22,"2":22,"3":22,"4":22,"5":22,"6":26,"7":22,"8":0,"9":0,"10":0,"11":1,"12":7,"13":22,"14":22,"15":1,"16":1,"17":1,"18":1,"19":1,"20":1,"21":1,"22":1},"f":{"0":22,"1":26,"2":0,"3":7},"b":{"0":[1,1,1],"1":[1,0],"2":[22,0],"3":[22,0],"4":[22,22],"5":[0,22],"6":[22,0],"7":[0,0],"8":[1,1,1],"9":[22,0],"10":[22,22]},"inputSourceMap":{"version":3,"file":"/Users/albertsu/Desktop/sdk/src/apis/index.ts","sources":["/Users/albertsu/Desktop/sdk/src/apis/index.ts"],"names":[],"mappings":";;;;;;;;;;;;;;;;AAAA,8CAA2B;AAC3B,6CAA0B;AAC1B,gDAA6B;AAC7B,kDAA+B;AAC/B,6CAA0B;AAC1B,8CAA2B;AAC3B,iDAA8B","sourcesContent":["export * from \"./AssetApis\"\nexport * from \"./AuthApis\"\nexport * from \"./BundlerApis\"\nexport * from \"./DashboardApis\"\nexport * from \"./InfoApis\"\nexport * from \"./StoreApis\"\nexport * from \"./ContractApis\"\n"]},"_coverageSchema":"1a1c01bbd47fc00a2c39e90264f33305004495a9","hash":"570281cdd75c1abad12f0dd89249e1db677f34bf","contentHash":"08420234aa2e2686cd6272bc2830c5596c4b59d6a64d5716e0566fc1bec2ddac"},"/Users/albertsu/Desktop/sdk/src/apis/AssetApis.ts":{"path":"/Users/albertsu/Desktop/sdk/src/apis/AssetApis.ts","statementMap":{"0":{"start":{"line":2,"column":0},"end":{"line":2,"column":62}},"1":{"start":{"line":3,"column":0},"end":{"line":3,"column":118}},"2":{"start":{"line":4,"column":20},"end":{"line":4,"column":50}},"3":{"start":{"line":5,"column":19},"end":{"line":5,"column":47}},"4":{"start":{"line":23,"column":4},"end":{"line":27,"column":7}},"5":{"start":{"line":29,"column":0},"end":{"line":29,"column":30}},"6":{"start":{"line":44,"column":4},"end":{"line":47,"column":7}},"7":{"start":{"line":49,"column":0},"end":{"line":49,"column":26}},"8":{"start":{"line":63,"column":4},"end":{"line":65,"column":7}},"9":{"start":{"line":67,"column":0},"end":{"line":67,"column":32}},"10":{"start":{"line":86,"column":4},"end":{"line":89,"column":7}},"11":{"start":{"line":91,"column":0},"end":{"line":91,"column":36}},"12":{"start":{"line":109,"column":4},"end":{"line":112,"column":7}},"13":{"start":{"line":114,"column":0},"end":{"line":114,"column":48}}},"fnMap":{"0":{"name":"getTokens","decl":{"start":{"line":22,"column":15},"end":{"line":22,"column":24}},"loc":{"start":{"line":22,"column":66},"end":{"line":28,"column":1}},"line":22},"1":{"name":"getNFTs","decl":{"start":{"line":43,"column":15},"end":{"line":43,"column":22}},"loc":{"start":{"line":43,"column":44},"end":{"line":48,"column":1}},"line":43},"2":{"name":"getAllNFTs","decl":{"start":{"line":62,"column":15},"end":{"line":62,"column":25}},"loc":{"start":{"line":62,"column":38},"end":{"line":66,"column":1}},"line":62},"3":{"name":"getAllTokens","decl":{"start":{"line":85,"column":15},"end":{"line":85,"column":27}},"loc":{"start":{"line":85,"column":60},"end":{"line":90,"column":1}},"line":85},"4":{"name":"getLidoWithdrawals","decl":{"start":{"line":108,"column":15},"end":{"line":108,"column":33}},"loc":{"start":{"line":108,"column":55},"end":{"line":113,"column":1}},"line":108}},"branchMap":{},"s":{"0":1,"1":1,"2":1,"3":1,"4":2,"5":1,"6":0,"7":1,"8":4,"9":1,"10":4,"11":1,"12":1,"13":1},"f":{"0":2,"1":0,"2":4,"3":4,"4":1},"b":{},"inputSourceMap":{"version":3,"file":"/Users/albertsu/Desktop/sdk/src/apis/AssetApis.ts","sources":["/Users/albertsu/Desktop/sdk/src/apis/AssetApis.ts"],"names":[],"mappings":";;;AAAA,mDAA6C;AAC7C,gDAAmD;AAEnD;;;;;;;;;;;;;;;GAeG;AACI,KAAK,UAAU,SAAS,CAAC,OAAe,EAAE,UAAkB,EAAE,kBAA2B;IAC5F,OAAO,MAAM,IAAA,0BAAe,EAAC,mBAAO,EAAE,sBAAsB,EAAE;QAC1D,KAAK,EAAE,OAAO;QACd,OAAO,EAAE,UAAU;QACnB,kBAAkB,EAAE,kBAAkB;KACzC,CAAC,CAAA;AACN,CAAC;AAND,8BAMC;AAED;;;;;;;;;;;;GAYG;AACI,KAAK,UAAU,OAAO,CAAC,OAAe,EAAE,UAAkB;IAC7D,OAAO,MAAM,IAAA,0BAAe,EAAC,mBAAO,EAAE,oBAAoB,EAAE;QACxD,KAAK,EAAE,OAAO;QACd,OAAO,EAAE,UAAU;KACtB,CAAC,CAAA;AACN,CAAC;AALD,0BAKC;AAED;;;;;;;;;;;GAWG;AACI,KAAK,UAAU,UAAU,CAAC,UAAkB;IAC/C,OAAO,MAAM,IAAA,0BAAe,EAAC,mBAAO,EAAE,wBAAwB,EAAE;QAC5D,OAAO,EAAE,UAAU;KACtB,CAAC,CAAA;AACN,CAAC;AAJD,gCAIC;AAED;;;;;;;;;;;;;;;;GAgBG;AACI,KAAK,UAAU,YAAY,CAAC,UAAkB,EAAE,kBAA2B;IAC9E,OAAO,MAAM,IAAA,0BAAe,EAAC,mBAAO,EAAE,0BAA0B,EAAE;QAC9D,OAAO,EAAE,UAAU;QACnB,kBAAkB,EAAE,kBAAkB;KACzC,CAAC,CAAA;AACN,CAAC;AALD,oCAKC;AAED;;;;;;;;;;;;;;;GAeG;AACI,KAAK,UAAU,kBAAkB,CAAC,OAAe,EAAE,UAAkB;IACxE,OAAO,MAAM,IAAA,0BAAe,EAAC,mBAAO,EAAE,gCAAgC,EAAE;QACpE,KAAK,EAAE,OAAO;QACd,OAAO,EAAE,UAAU;KACtB,CAAC,CAAA;AACN,CAAC;AALD,gDAKC","sourcesContent":["import { API_URL } from \"../common/constants\"\nimport { sendPostRequest } from \"../utils/ApiUtils\"\n\n/**\n * Get all tokens for a specific chain\n * @param {string} chainId https://chainlist.org/\n * @param {string} holderAddr\n * @param {string} onlyVerifiedTokens If true, only return alchemy tokens that are verified(filters spam)\n * @returns JSON\n * {\n *    \"0xTokenAddress\": {\n *        \"tokenBalance\": \"0x00001\",\n *        \"symbol\": \"USDC\",\n *        \"decimals\": 6,\n *        \"logo\": \"https://static.alchemyapi.io/images/assets/3408.png\",\n *        \"price\": 1.0001,\n *     }\n * }\n */\nexport async function getTokens(chainId: string, holderAddr: string, onlyVerifiedTokens: boolean): Promise<any> {\n    return await sendPostRequest(API_URL, \"getAssets/get-tokens\", {\n        chain: chainId,\n        address: holderAddr,\n        onlyVerifiedTokens: onlyVerifiedTokens\n    })\n}\n\n/**\n * Calls the fun api server to get all the NFTs owned by the holder\n * @param {string} chainId From https://chainlist.org/\n * @param {string} holderAddr Address of holder\n * @returns array\n *  [\n *     {\n *       \"address\": \"string\",\n *       \"token_id\": \"string\",\n *       \"floor_price\": \"string\",\n *     }\n *  ]\n */\nexport async function getNFTs(chainId: string, holderAddr: string): Promise<any> {\n    return await sendPostRequest(API_URL, \"getAssets/get-nfts\", {\n        chain: chainId,\n        address: holderAddr\n    })\n}\n\n/**\n * Calls the fun api server to get all the NFTs owned by the holder\n * @param {string} holderAddr Address of holder\n * @returns array\n *  {\n *     \"1\" : [{\n *       \"address\": \"string\",\n *       \"token_id\": \"string\",\n *       \"floor_price\": \"string\",\n *     }],\n *  }\n */\nexport async function getAllNFTs(holderAddr: string): Promise<any> {\n    return await sendPostRequest(API_URL, \"getAssets/get-all-nfts\", {\n        address: holderAddr\n    })\n}\n\n/**\n * Get all tokens for a specific chain\n * @param {string} holderAddr\n * @param {string} onlyVerifiedTokens If true, only return alchemy tokens that are verified(filters spam)\n * @returns JSON\n * {\n *    1: {\n *      \"0xTokenAddress\": {\n *        \"tokenBalance\": \"0x00001\",\n *        \"symbol\": \"USDC\",\n *        \"decimals\": 6,\n *        \"logo\": \"https://static.alchemyapi.io/images/assets/3408.png\",\n *        \"price\": 1.0001,\n *     }\n *   }\n * }\n */\nexport async function getAllTokens(holderAddr: string, onlyVerifiedTokens: boolean): Promise<any> {\n    return await sendPostRequest(API_URL, \"getAssets/get-all-tokens\", {\n        address: holderAddr,\n        onlyVerifiedTokens: onlyVerifiedTokens\n    })\n}\n\n/**\n * Get all lido withdrawal request ids for all chains\n * @param {string} chainId https://chainlist.org/ ie \"1\" for ethereum\n * @param {string} holderAddr Address of holder\n * @returns [readyToWithdrawRequestIds, notReadyToWithdrawRequestIds]\n * [\n *   [\n *     123,\n *     124,\n *   ],\n *   [\n *     412\n *     413\n *   ]\n * ]\n */\nexport async function getLidoWithdrawals(chainId: string, holderAddr: string): Promise<any> {\n    return await sendPostRequest(API_URL, \"getAssets/get-lido-withdrawals\", {\n        chain: chainId,\n        address: holderAddr\n    })\n}\n"]},"_coverageSchema":"1a1c01bbd47fc00a2c39e90264f33305004495a9","hash":"24836ad332daeacbdf923ffe172a13f7e3ddc834","contentHash":"e1962ce9df41a4083853271345db6d5f4da5f26741300ac91fe23f3de825d901"},"/Users/albertsu/Desktop/sdk/src/common/constants.ts":{"path":"/Users/albertsu/Desktop/sdk/src/common/constants.ts","statementMap":{"0":{"start":{"line":2,"column":22},"end":{"line":4,"column":1}},"1":{"start":{"line":3,"column":4},"end":{"line":3,"column":62}},"2":{"start":{"line":5,"column":0},"end":{"line":5,"column":62}},"3":{"start":{"line":6,"column":0},"end":{"line":6,"column":726}},"4":{"start":{"line":8,"column":0},"end":{"line":8,"column":36}},"5":{"start":{"line":9,"column":0},"end":{"line":9,"column":52}},"6":{"start":{"line":10,"column":0},"end":{"line":10,"column":53}},"7":{"start":{"line":11,"column":0},"end":{"line":11,"column":48}},"8":{"start":{"line":12,"column":0},"end":{"line":17,"column":2}},"9":{"start":{"line":18,"column":0},"end":{"line":20,"column":2}},"10":{"start":{"line":22,"column":0},"end":{"line":22,"column":37}},"11":{"start":{"line":23,"column":0},"end":{"line":23,"column":46}},"12":{"start":{"line":24,"column":0},"end":{"line":24,"column":59}},"13":{"start":{"line":27,"column":0},"end":{"line":27,"column":26}},"14":{"start":{"line":28,"column":0},"end":{"line":37,"column":1}},"15":{"start":{"line":30,"column":8},"end":{"line":30,"column":66}},"16":{"start":{"line":31,"column":8},"end":{"line":31,"column":14}},"17":{"start":{"line":33,"column":8},"end":{"line":33,"column":67}},"18":{"start":{"line":34,"column":8},"end":{"line":34,"column":14}},"19":{"start":{"line":36,"column":8},"end":{"line":36,"column":58}},"20":{"start":{"line":38,"column":0},"end":{"line":38,"column":90}},"21":{"start":{"line":39,"column":0},"end":{"line":55,"column":2}},"22":{"start":{"line":56,"column":0},"end":{"line":56,"column":35}},"23":{"start":{"line":57,"column":0},"end":{"line":57,"column":73}},"24":{"start":{"line":58,"column":0},"end":{"line":58,"column":50}},"25":{"start":{"line":60,"column":30},"end":{"line":60,"column":85}},"26":{"start":{"line":61,"column":30},"end":{"line":61,"column":85}},"27":{"start":{"line":62,"column":26},"end":{"line":62,"column":77}},"28":{"start":{"line":63,"column":21},"end":{"line":63,"column":67}},"29":{"start":{"line":64,"column":22},"end":{"line":64,"column":69}},"30":{"start":{"line":65,"column":25},"end":{"line":65,"column":75}},"31":{"start":{"line":66,"column":32},"end":{"line":66,"column":89}},"32":{"start":{"line":67,"column":32},"end":{"line":67,"column":89}},"33":{"start":{"line":68,"column":33},"end":{"line":68,"column":91}},"34":{"start":{"line":69,"column":30},"end":{"line":69,"column":85}},"35":{"start":{"line":70,"column":30},"end":{"line":70,"column":85}},"36":{"start":{"line":71,"column":0},"end":{"line":71,"column":65}},"37":{"start":{"line":72,"column":0},"end":{"line":72,"column":65}},"38":{"start":{"line":73,"column":0},"end":{"line":73,"column":55}},"39":{"start":{"line":74,"column":0},"end":{"line":74,"column":45}},"40":{"start":{"line":75,"column":0},"end":{"line":75,"column":50}},"41":{"start":{"line":76,"column":0},"end":{"line":76,"column":58}},"42":{"start":{"line":77,"column":0},"end":{"line":77,"column":68}},"43":{"start":{"line":78,"column":0},"end":{"line":78,"column":65}},"44":{"start":{"line":79,"column":0},"end":{"line":79,"column":64}},"45":{"start":{"line":80,"column":0},"end":{"line":80,"column":66}},"46":{"start":{"line":81,"column":0},"end":{"line":81,"column":48}}},"fnMap":{"0":{"name":"(anonymous_0)","decl":{"start":{"line":2,"column":56},"end":{"line":2,"column":57}},"loc":{"start":{"line":2,"column":71},"end":{"line":4,"column":1}},"line":2}},"branchMap":{"0":{"loc":{"start":{"line":2,"column":22},"end":{"line":4,"column":1}},"type":"binary-expr","locations":[{"start":{"line":2,"column":23},"end":{"line":2,"column":27}},{"start":{"line":2,"column":31},"end":{"line":2,"column":51}},{"start":{"line":2,"column":56},"end":{"line":4,"column":1}}],"line":2},"1":{"loc":{"start":{"line":3,"column":11},"end":{"line":3,"column":61}},"type":"cond-expr","locations":[{"start":{"line":3,"column":37},"end":{"line":3,"column":40}},{"start":{"line":3,"column":43},"end":{"line":3,"column":61}}],"line":3},"2":{"loc":{"start":{"line":3,"column":12},"end":{"line":3,"column":33}},"type":"binary-expr","locations":[{"start":{"line":3,"column":12},"end":{"line":3,"column":15}},{"start":{"line":3,"column":19},"end":{"line":3,"column":33}}],"line":3},"3":{"loc":{"start":{"line":28,"column":0},"end":{"line":37,"column":1}},"type":"switch","locations":[{"start":{"line":29,"column":4},"end":{"line":31,"column":14}},{"start":{"line":32,"column":4},"end":{"line":34,"column":14}},{"start":{"line":35,"column":4},"end":{"line":36,"column":58}}],"line":28}},"s":{"0":1,"1":11,"2":1,"3":1,"4":1,"5":1,"6":1,"7":1,"8":1,"9":1,"10":1,"11":1,"12":1,"13":1,"14":1,"15":0,"16":0,"17":0,"18":0,"19":1,"20":1,"21":1,"22":1,"23":1,"24":1,"25":1,"26":1,"27":1,"28":1,"29":1,"30":1,"31":1,"32":1,"33":1,"34":1,"35":1,"36":1,"37":1,"38":1,"39":1,"40":1,"41":1,"42":1,"43":1,"44":1,"45":1,"46":1},"f":{"0":11},"b":{"0":[1,1,1],"1":[0,11],"2":[11,11],"3":[0,0,1]},"inputSourceMap":{"version":3,"file":"/Users/albertsu/Desktop/sdk/src/common/constants.ts","sources":["/Users/albertsu/Desktop/sdk/src/common/constants.ts"],"names":[],"mappings":";;;;;;AAAA,yBAAyB;AACZ,QAAA,mBAAmB,GAAG,KAAK,CAAA;AAC3B,QAAA,oBAAoB,GAAG,oBAAoB,CAAA;AAC3C,QAAA,kBAAkB,GAAG,uBAAuB,CAAA;AAC5C,QAAA,aAAa,GAAG,uBAAuB,CAAA;AACvC,QAAA,iBAAiB,GAAG;IAC7B,IAAI,EAAE,4CAA4C;IAClD,IAAI,EAAE,4CAA4C;IAClD,GAAG,EAAE,4CAA4C;IACjD,IAAI,EAAE,4CAA4C;CACrD,CAAA;AACY,QAAA,sBAAsB,GAAG;IAClC,oBAAoB,EAAE,4CAA4C;CACrE,CAAA;AAED,0BAA0B;AACb,QAAA,oBAAoB,GAAG,KAAK,CAAA;AAC5B,QAAA,qBAAqB,GAAG,aAAa,CAAA;AACrC,QAAA,mBAAmB,GAAG,4BAA4B,CAAA;AAE/D,OAAO;AACP,IAAI,OAAO,CAAA;AAaF,0BAAO;AAXhB,QAAQ,OAAO,CAAC,GAAG,CAAC,QAAQ,EAAE;IAC1B,KAAK,SAAS;QACV,kBAAA,OAAO,GAAG,6BAA6B,CAAA;QACvC,MAAK;IACT,KAAK,UAAU;QACX,kBAAA,OAAO,GAAG,8BAA8B,CAAA;QACxC,MAAK;IACT;QACI,kBAAA,OAAO,GAAG,qBAAqB,CAAA;CACtC;AAIY,QAAA,iBAAiB,GAAG,6DAA6D,CAAA;AACjF,QAAA,oBAAoB,GAAG;IAChC,GAAG,EAAE;QACD,IAAI,EAAE,4CAA4C;KACrD;IACD,GAAG,EAAE;QACD,IAAI,EAAE,4CAA4C;KACrD;IACD,KAAK,EAAE;QACH,MAAM,EAAE,4CAA4C;KACvD;IACD,OAAO,EAAE;QACL,IAAI,EAAE,4CAA4C;KACrD;IACD,OAAO,EAAE;QACL,IAAI,EAAE,4CAA4C;KACrD;CACJ,CAAA;AAEY,QAAA,YAAY,GAAG,WAAW,CAAA;AAC1B,QAAA,mBAAmB,GAAG,0CAA0C,CAAA;AAChE,QAAA,gBAAgB,GAAG,sBAAsB,CAAA;AAEtD,OAAO;AACP,sFAAmE;AACnE,sFAAmE;AACnE,8EAAyD;AACzD,oEAA+C;AAC/C,sEAAkD;AAClD,4EAAwD;AACxD,0FAA4D;AAC5D,0FAAsE;AACtE,4FAAoE;AACpE,sFAAmE;AACnE,sFAAkE;AAErD,QAAA,oBAAoB,GAAG,6BAAyB,CAAC,GAAG,CAAA;AACpD,QAAA,oBAAoB,GAAG,6BAAyB,CAAC,GAAG,CAAA;AACpD,QAAA,cAAc,GAAG,yBAAmB,CAAC,GAAG,CAAA;AACxC,QAAA,SAAS,GAAG,oBAAc,CAAC,GAAG,CAAA;AAC9B,QAAA,UAAU,GAAG,wBAAmB,CAAC,GAAG,CAAA;AACpC,QAAA,WAAW,GAAG,+BAAgB,CAAC,GAAG,CAAA;AAClC,QAAA,qBAAqB,GAAG,+BAA0B,CAAC,GAAG,CAAA;AACtD,QAAA,oBAAoB,GAAG,6BAAyB,CAAC,GAAG,CAAA;AACpD,QAAA,mBAAmB,GAAG,6BAAwB,CAAC,GAAG,CAAA;AAClD,QAAA,kBAAkB,GAAG,gCAAuB,CAAC,GAAG,CAAA;AAChD,QAAA,WAAW,GAAG,qBAAgB,CAAC,GAAG,CAAA","sourcesContent":["// local fork environment\nexport const LOCAL_FORK_CHAIN_ID = 31337\nexport const LOCAL_FORK_CHAIN_KEY = \"ethereum-localfork\"\nexport const LOCAL_FORK_RPC_URL = \"http://127.0.0.1:8545\"\nexport const LOCAL_API_URL = \"http://127.0.0.1:3000\"\nexport const LOCAL_TOKEN_ADDRS = {\n    usdc: \"0xA0b86991c6218b36c1d19D4a2e9Eb0cE3606eB48\",\n    usdt: \"0xdAC17F958D2ee523a2206206994597C13D831ec7\",\n    dai: \"0x6B175474E89094C44Da98b954EedeAC495271d0F\",\n    weth: \"0xC02aaA39b223FE8D0A0e5C4F27eAD9083C756Cc2\"\n}\nexport const FORK_DEFAULT_ADDRESSES = {\n    \"1inchOracleAddress\": \"0x07D91f5fb9Bf7798734C3f606dB065549F6893bb\"\n}\n\n// fun testnet environment\nexport const FUN_TESTNET_CHAIN_ID = 36864\nexport const FUN_TESTNET_CHAIN_KEY = \"fun-testnet\"\nexport const FUN_TESTNET_RPC_URL = \"http://34.221.214.161:3001\"\n\n// prod\nlet API_URL\n\nswitch (process.env.NODE_ENV) {\n    case \"staging\":\n        API_URL = \"https://api.fun.xyz/staging\"\n        break\n    case \"internal\":\n        API_URL = \"https://api.fun.xyz/internal\"\n        break\n    default:\n        API_URL = \"https://api.fun.xyz\"\n}\n\nexport { API_URL }\n\nexport const DASHBOARD_API_URL = \"https://zl8bx9p7f4.execute-api.us-west-2.amazonaws.com/Prod\"\nexport const BASE_WRAP_TOKEN_ADDR = {\n    \"1\": {\n        weth: \"0xC02aaA39b223FE8D0A0e5C4F27eAD9083C756Cc2\"\n    },\n    \"5\": {\n        weth: \"0xB4FBF271143F4FBf7B91A5ded31805e42b2208d6\"\n    },\n    \"137\": {\n        wmatic: \"0x0d500b1d8e8ef31e21c99d1db9a6444d3adf1270\"\n    },\n    \"43113\": {\n        weth: \"0x1D308089a2D1Ced3f1Ce36B1FcaF815b07217be3\"\n    },\n    \"42161\": {\n        weth: \"0x82aF49447D8a07e3bd95BD0d56f35241523fBab1\"\n    }\n}\n\nexport const TEST_API_KEY = \"localtest\"\nexport const OPTION_TEST_API_KEY = \"nbiQS2Ut932ewF5TqiCpl2ZTUqPWb1P29N8GcJjy\"\nexport const TRANSACTION_TYPE = \"FunWalletInteraction\"\n\n// abis\nimport APPROVE_AND_EXEC_CONTRACT from \"../abis/ApproveAndExec.json\"\nimport APPROVE_AND_SWAP_CONTRACT from \"../abis/ApproveAndSwap.json\"\nimport ENTRYPOINT_CONTRACT from \"../abis/EntryPoint.json\"\nimport ERC20_CONTRACT from \"../abis/ERC20.json\"\nimport ERC_721_CONTRACT from \"../abis/ERC721.json\"\nimport FUN_WALLET_CONTRACT from \"../abis/FunWallet.json\"\nimport FACTORY_CONTRACT from \"../abis/FunWalletFactory.json\"\nimport GASLESS_PAYMASTER_CONTRACT from \"../abis/GaslessPaymaster.json\"\nimport WITHDRAW_QUEUE_CONTRACT from \"../abis/LidoWithdrawQueue.json\"\nimport OFF_CHAIN_ORACLE_CONTRACT from \"../abis/OffChainOracle.json\"\nimport TOKEN_PAYMASTER_CONTRACT from \"../abis/TokenPaymaster.json\"\n\nexport const APPROVE_AND_EXEC_ABI = APPROVE_AND_EXEC_CONTRACT.abi\nexport const APPROVE_AND_SWAP_ABI = APPROVE_AND_SWAP_CONTRACT.abi\nexport const ENTRYPOINT_ABI = ENTRYPOINT_CONTRACT.abi\nexport const ERC20_ABI = ERC20_CONTRACT.abi\nexport const WALLET_ABI = FUN_WALLET_CONTRACT.abi\nexport const FACTORY_ABI = FACTORY_CONTRACT.abi\nexport const GASLESS_PAYMASTER_ABI = GASLESS_PAYMASTER_CONTRACT.abi\nexport const OFF_CHAIN_ORACLE_ABI = OFF_CHAIN_ORACLE_CONTRACT.abi\nexport const TOKEN_PAYMASTER_ABI = TOKEN_PAYMASTER_CONTRACT.abi\nexport const WITHDRAW_QUEUE_ABI = WITHDRAW_QUEUE_CONTRACT.abi\nexport const ERC_721_ABI = ERC_721_CONTRACT.abi\n"]},"_coverageSchema":"1a1c01bbd47fc00a2c39e90264f33305004495a9","hash":"a653b697e3226d8e6ecc7e580c9201c4b2c8ab5a","contentHash":"f664960e394a960b82a408a21df2ed118fe9602e55294d4ef8a685e791d99c7a"},"/Users/albertsu/Desktop/sdk/src/utils/ApiUtils.ts":{"path":"/Users/albertsu/Desktop/sdk/src/utils/ApiUtils.ts","statementMap":{"0":{"start":{"line":2,"column":22},"end":{"line":4,"column":1}},"1":{"start":{"line":3,"column":4},"end":{"line":3,"column":62}},"2":{"start":{"line":5,"column":0},"end":{"line":5,"column":62}},"3":{"start":{"line":6,"column":0},"end":{"line":6,"column":112}},"4":{"start":{"line":7,"column":18},"end":{"line":7,"column":46}},"5":{"start":{"line":8,"column":21},"end":{"line":8,"column":59}},"6":{"start":{"line":9,"column":20},"end":{"line":9,"column":50}},"7":{"start":{"line":10,"column":0},"end":{"line":23,"column":2}},"8":{"start":{"line":24,"column":20},"end":{"line":41,"column":1}},"9":{"start":{"line":25,"column":4},"end":{"line":40,"column":5}},"10":{"start":{"line":26,"column":8},"end":{"line":36,"column":42}},"11":{"start":{"line":27,"column":12},"end":{"line":35,"column":37}},"12":{"start":{"line":35,"column":27},"end":{"line":35,"column":35}},"13":{"start":{"line":39,"column":8},"end":{"line":39,"column":23}},"14":{"start":{"line":42,"column":0},"end":{"line":42,"column":34}},"15":{"start":{"line":44,"column":4},"end":{"line":44,"column":79}},"16":{"start":{"line":46,"column":0},"end":{"line":46,"column":40}},"17":{"start":{"line":48,"column":4},"end":{"line":48,"column":86}},"18":{"start":{"line":50,"column":0},"end":{"line":50,"column":42}}},"fnMap":{"0":{"name":"(anonymous_0)","decl":{"start":{"line":2,"column":56},"end":{"line":2,"column":57}},"loc":{"start":{"line":2,"column":71},"end":{"line":4,"column":1}},"line":2},"1":{"name":"(anonymous_1)","decl":{"start":{"line":24,"column":20},"end":{"line":24,"column":21}},"loc":{"start":{"line":24,"column":57},"end":{"line":41,"column":1}},"line":24},"2":{"name":"(anonymous_2)","decl":{"start":{"line":26,"column":36},"end":{"line":26,"column":37}},"loc":{"start":{"line":26,"column":54},"end":{"line":36,"column":9}},"line":26},"3":{"name":"(anonymous_3)","decl":{"start":{"line":35,"column":20},"end":{"line":35,"column":21}},"loc":{"start":{"line":35,"column":27},"end":{"line":35,"column":35}},"line":35},"4":{"name":"sendGetRequest","decl":{"start":{"line":43,"column":15},"end":{"line":43,"column":29}},"loc":{"start":{"line":43,"column":111},"end":{"line":45,"column":1}},"line":43},"5":{"name":"sendPostRequest","decl":{"start":{"line":47,"column":15},"end":{"line":47,"column":30}},"loc":{"start":{"line":47,"column":118},"end":{"line":49,"column":1}},"line":47}},"branchMap":{"0":{"loc":{"start":{"line":2,"column":22},"end":{"line":4,"column":1}},"type":"binary-expr","locations":[{"start":{"line":2,"column":23},"end":{"line":2,"column":27}},{"start":{"line":2,"column":31},"end":{"line":2,"column":51}},{"start":{"line":2,"column":56},"end":{"line":4,"column":1}}],"line":2},"1":{"loc":{"start":{"line":3,"column":11},"end":{"line":3,"column":61}},"type":"cond-expr","locations":[{"start":{"line":3,"column":37},"end":{"line":3,"column":40}},{"start":{"line":3,"column":43},"end":{"line":3,"column":61}}],"line":3},"2":{"loc":{"start":{"line":3,"column":12},"end":{"line":3,"column":33}},"type":"binary-expr","locations":[{"start":{"line":3,"column":12},"end":{"line":3,"column":15}},{"start":{"line":3,"column":19},"end":{"line":3,"column":33}}],"line":3},"3":{"loc":{"start":{"line":43,"column":30},"end":{"line":43,"column":55}},"type":"default-arg","locations":[{"start":{"line":43,"column":36},"end":{"line":43,"column":55}}],"line":43},"4":{"loc":{"start":{"line":43,"column":67},"end":{"line":43,"column":109}},"type":"default-arg","locations":[{"start":{"line":43,"column":76},"end":{"line":43,"column":109}}],"line":43},"5":{"loc":{"start":{"line":47,"column":31},"end":{"line":47,"column":56}},"type":"default-arg","locations":[{"start":{"line":47,"column":37},"end":{"line":47,"column":56}}],"line":47},"6":{"loc":{"start":{"line":47,"column":74},"end":{"line":47,"column":116}},"type":"default-arg","locations":[{"start":{"line":47,"column":83},"end":{"line":47,"column":116}}],"line":47}},"s":{"0":1,"1":1,"2":1,"3":1,"4":1,"5":1,"6":1,"7":1,"8":1,"9":26,"10":26,"11":26,"12":26,"13":0,"14":1,"15":5,"16":1,"17":21,"18":1},"f":{"0":1,"1":26,"2":26,"3":26,"4":5,"5":21},"b":{"0":[1,1,1],"1":[0,1],"2":[1,1],"3":[0],"4":[0],"5":[0],"6":[21]},"inputSourceMap":{"version":3,"file":"/Users/albertsu/Desktop/sdk/src/utils/ApiUtils.ts","sources":["/Users/albertsu/Desktop/sdk/src/utils/ApiUtils.ts"],"names":[],"mappings":";;;;;;AAAA,+CAAyC;AACzC,4DAA8B;AAC9B,mDAA6C;AAEhC,QAAA,qBAAqB,GAAG;IACjC,KAAK,EAAE,GAAG;IACV,YAAY,EAAE,CAAC;IACf,QAAQ,EAAE,IAAI;IACd,MAAM,EAAE,CAAC;IACT,WAAW,EAAE,CAAC;IACd,OAAO,EAAE,CAAC;IACV,MAAM,EAAE,IAAI;IACZ,QAAQ,EAAE,CAAC;IACX,WAAW,EAAE,IAAI;IACjB,aAAa,EAAE,IAAI;IACnB,aAAa,EAAE,IAAI;IACnB,cAAc,EAAE,IAAI;CACvB,CAAA;AAEM,MAAM,WAAW,GAAG,KAAK,EAAE,GAAW,EAAE,MAAc,EAAE,MAAc,EAAE,IAAa,EAAE,EAAE;IAC5F,IAAI;QACA,OAAO,IAAA,eAAK,EAAC,KAAK;YACd,OAAO,MAAM,IAAA,oBAAK,EAAC,GAAG,EAAE;gBACpB,MAAM;gBACN,OAAO,EAAE;oBACL,cAAc,EAAE,kBAAkB;oBAClC,WAAW,EAAE,MAAM;iBACtB;gBACD,QAAQ,EAAE,QAAQ;gBAClB,IAAI,EAAE,IAAI,CAAC,SAAS,CAAC,IAAI,CAAC;aAC7B,CAAC,CAAC,IAAI,CAAC,CAAC,CAAC,EAAE,EAAE,CAAC,CAAC,CAAC,IAAI,EAAE,CAAC,CAAA;QAC5B,CAAC,EAAE,6BAAqB,CAAC,CAAA;KAC5B;IAAC,OAAO,CAAC,EAAE;QACR,OAAO,CAAC,GAAG,CAAC,CAAC,CAAC,CAAA;KACjB;AACL,CAAC,CAAA;AAhBY,QAAA,WAAW,eAgBvB;AAEM,KAAK,UAAU,cAAc,CAChC,MAAc,mBAAO,EACrB,QAAgB,EAChB,SAAkB,UAAkB,CAAC,eAAe,CAAC,MAAO;IAE5D,OAAO,MAAM,IAAA,mBAAW,EAAC,GAAG,GAAG,IAAI,QAAQ,EAAE,EAAE,KAAK,EAAE,MAAM,CAAC,CAAA;AACjE,CAAC;AAND,wCAMC;AAEM,KAAK,UAAU,eAAe,CACjC,MAAc,mBAAO,EACrB,QAAgB,EAChB,IAAY,EACZ,SAAkB,UAAkB,CAAC,eAAe,CAAC,MAAO;IAE5D,OAAO,MAAM,IAAA,mBAAW,EAAC,GAAG,GAAG,IAAI,QAAQ,EAAE,EAAE,MAAM,EAAE,MAAM,EAAE,IAAI,CAAC,CAAA;AACxE,CAAC;AAPD,0CAOC","sourcesContent":["import { retry } from \"@lifeomic/attempt\"\nimport fetch from \"node-fetch\"\nimport { API_URL } from \"../common/constants\"\n\nexport const DEFAULT_RETRY_OPTIONS = {\n    delay: 100,\n    initialDelay: 0,\n    maxDelay: 3000,\n    factor: 2,\n    maxAttempts: 5,\n    timeout: 0,\n    jitter: true,\n    minDelay: 0,\n    handleError: null,\n    handleTimeout: null,\n    beforeAttempt: null,\n    calculateDelay: null\n}\n\nexport const sendRequest = async (uri: string, method: string, apiKey: string, body?: object) => {\n    try {\n        return retry(async function () {\n            return await fetch(uri, {\n                method,\n                headers: {\n                    \"Content-Type\": \"application/json\",\n                    \"X-Api-Key\": apiKey\n                },\n                redirect: \"follow\",\n                body: JSON.stringify(body)\n            }).then((r) => r.json())\n        }, DEFAULT_RETRY_OPTIONS)\n    } catch (e) {\n        console.log(e)\n    }\n}\n\nexport async function sendGetRequest(\n    uri: string = API_URL,\n    endpoint: string,\n    apiKey: string = (globalThis as any).globalEnvOption.apiKey!\n): Promise<any> {\n    return await sendRequest(`${uri}/${endpoint}`, \"GET\", apiKey)\n}\n\nexport async function sendPostRequest(\n    uri: string = API_URL,\n    endpoint: string,\n    body: object,\n    apiKey: string = (globalThis as any).globalEnvOption.apiKey!\n): Promise<any> {\n    return await sendRequest(`${uri}/${endpoint}`, \"POST\", apiKey, body)\n}\n"]},"_coverageSchema":"1a1c01bbd47fc00a2c39e90264f33305004495a9","hash":"70a15d1ff8643f9447a7dd7e7afcef38452f0751","contentHash":"2271d823ba649b527ad10d1007cbb5c1ab9a0441c39e01af09e51ab30eb7f127"},"/Users/albertsu/Desktop/sdk/src/apis/AuthApis.ts":{"path":"/Users/albertsu/Desktop/sdk/src/apis/AuthApis.ts","statementMap":{"0":{"start":{"line":2,"column":0},"end":{"line":2,"column":62}},"1":{"start":{"line":3,"column":0},"end":{"line":3,"column":89}},"2":{"start":{"line":4,"column":20},"end":{"line":4,"column":50}},"3":{"start":{"line":5,"column":19},"end":{"line":5,"column":47}},"4":{"start":{"line":7,"column":4},"end":{"line":12,"column":7}},"5":{"start":{"line":14,"column":0},"end":{"line":14,"column":26}},"6":{"start":{"line":16,"column":4},"end":{"line":18,"column":7}},"7":{"start":{"line":20,"column":0},"end":{"line":20,"column":26}},"8":{"start":{"line":22,"column":4},"end":{"line":26,"column":7}},"9":{"start":{"line":28,"column":0},"end":{"line":28,"column":36}},"10":{"start":{"line":30,"column":4},"end":{"line":35,"column":7}},"11":{"start":{"line":31,"column":8},"end":{"line":33,"column":9}},"12":{"start":{"line":32,"column":12},"end":{"line":32,"column":47}},"13":{"start":{"line":34,"column":8},"end":{"line":34,"column":22}},"14":{"start":{"line":37,"column":0},"end":{"line":37,"column":36}}},"fnMap":{"0":{"name":"setAuth","decl":{"start":{"line":6,"column":15},"end":{"line":6,"column":22}},"loc":{"start":{"line":6,"column":55},"end":{"line":13,"column":1}},"line":6},"1":{"name":"getAuth","decl":{"start":{"line":15,"column":15},"end":{"line":15,"column":22}},"loc":{"start":{"line":15,"column":31},"end":{"line":19,"column":1}},"line":15},"2":{"name":"setGroupById","decl":{"start":{"line":21,"column":15},"end":{"line":21,"column":27}},"loc":{"start":{"line":21,"column":67},"end":{"line":27,"column":1}},"line":21},"3":{"name":"getGroupById","decl":{"start":{"line":29,"column":15},"end":{"line":29,"column":27}},"loc":{"start":{"line":29,"column":38},"end":{"line":36,"column":1}},"line":29},"4":{"name":"(anonymous_4)","decl":{"start":{"line":30,"column":96},"end":{"line":30,"column":97}},"loc":{"start":{"line":30,"column":103},"end":{"line":35,"column":5}},"line":30}},"branchMap":{"0":{"loc":{"start":{"line":31,"column":8},"end":{"line":33,"column":9}},"type":"if","locations":[{"start":{"line":31,"column":8},"end":{"line":33,"column":9}},{"start":{"line":31,"column":8},"end":{"line":33,"column":9}}],"line":31}},"s":{"0":1,"1":1,"2":1,"3":1,"4":0,"5":1,"6":0,"7":1,"8":0,"9":1,"10":0,"11":0,"12":0,"13":0,"14":1},"f":{"0":0,"1":0,"2":0,"3":0,"4":0},"b":{"0":[0,0]},"inputSourceMap":{"version":3,"file":"/Users/albertsu/Desktop/sdk/src/apis/AuthApis.ts","sources":["/Users/albertsu/Desktop/sdk/src/apis/AuthApis.ts"],"names":[],"mappings":";;;AAAA,mDAA6C;AAC7C,gDAAmE;AAE5D,KAAK,UAAU,OAAO,CAAC,MAAc,EAAE,MAAc,EAAE,IAAY,EAAE,QAAgB;IACxF,MAAM,IAAA,0BAAe,EAAC,mBAAO,EAAE,eAAe,EAAE;QAC5C,MAAM;QACN,MAAM;QACN,IAAI;QACJ,QAAQ;KACX,CAAC,CAAA;AACN,CAAC;AAPD,0BAOC;AAEM,KAAK,UAAU,OAAO,CAAC,MAAc;IACxC,OAAO,MAAM,IAAA,0BAAe,EAAC,mBAAO,EAAE,eAAe,EAAE;QACnD,MAAM;KACT,CAAC,CAAA;AACN,CAAC;AAJD,0BAIC;AAEM,KAAK,UAAU,YAAY,CAAC,QAAgB,EAAE,OAAiB,EAAE,kBAA0B;IAC9F,OAAO,MAAM,IAAA,0BAAe,EAAC,mBAAO,EAAE,QAAQ,EAAE;QAC5C,OAAO;QACP,QAAQ;QACR,kBAAkB;KACrB,CAAC,CAAA;AACN,CAAC;AAND,oCAMC;AAEM,KAAK,UAAU,YAAY,CAAC,QAAgB;IAC/C,OAAO,MAAM,IAAA,yBAAc,EAAC,mBAAO,EAAE,UAAU,QAAQ,EAAE,CAAC,CAAC,IAAI,CAAC,CAAC,CAAM,EAAE,EAAE;QACvE,IAAI,CAAC,CAAC,CAAC,IAAI,EAAE;YACT,MAAM,IAAI,KAAK,CAAC,IAAI,CAAC,SAAS,CAAC,CAAC,CAAC,CAAC,CAAA;SACrC;QACD,OAAO,CAAC,CAAC,IAAI,CAAA;IACjB,CAAC,CAAC,CAAA;AACN,CAAC;AAPD,oCAOC","sourcesContent":["import { API_URL } from \"../common/constants\"\nimport { sendGetRequest, sendPostRequest } from \"../utils/ApiUtils\"\n\nexport async function setAuth(authId: string, method: string, addr: string, uniqueId: string) {\n    await sendPostRequest(API_URL, \"auth/set-auth\", {\n        authId,\n        method,\n        addr,\n        uniqueId\n    })\n}\n\nexport async function getAuth(authId: string): Promise<any> {\n    return await sendPostRequest(API_URL, \"auth/get-auth\", {\n        authId\n    })\n}\n\nexport async function setGroupById(uniqueId: string, userIds: string[], requiredSignatures: number) {\n    return await sendPostRequest(API_URL, \"groups\", {\n        userIds,\n        uniqueId,\n        requiredSignatures\n    })\n}\n\nexport async function getGroupById(uniqueId: string) {\n    return await sendGetRequest(API_URL, `groups/${uniqueId}`).then((r: any) => {\n        if (!r.data) {\n            throw new Error(JSON.stringify(r))\n        }\n        return r.data\n    })\n}\n"]},"_coverageSchema":"1a1c01bbd47fc00a2c39e90264f33305004495a9","hash":"12e0214fef285de706b2dd07101a05869a06c572","contentHash":"9772ffa3b65b552e8c6e35ff71c75a459fc5bc34f63d28d7e5887695ad360b4f"},"/Users/albertsu/Desktop/sdk/src/apis/BundlerApis.ts":{"path":"/Users/albertsu/Desktop/sdk/src/apis/BundlerApis.ts","statementMap":{"0":{"start":{"line":2,"column":0},"end":{"line":2,"column":62}},"1":{"start":{"line":3,"column":0},"end":{"line":3,"column":112}},"2":{"start":{"line":4,"column":20},"end":{"line":4,"column":50}},"3":{"start":{"line":5,"column":19},"end":{"line":5,"column":47}},"4":{"start":{"line":7,"column":4},"end":{"line":12,"column":5}},"5":{"start":{"line":8,"column":8},"end":{"line":8,"column":89}},"6":{"start":{"line":11,"column":8},"end":{"line":11,"column":138}},"7":{"start":{"line":14,"column":0},"end":{"line":14,"column":50}},"8":{"start":{"line":16,"column":4},"end":{"line":21,"column":5}},"9":{"start":{"line":17,"column":8},"end":{"line":17,"column":96}},"10":{"start":{"line":20,"column":8},"end":{"line":20,"column":146}},"11":{"start":{"line":23,"column":0},"end":{"line":23,"column":46}},"12":{"start":{"line":25,"column":4},"end":{"line":31,"column":5}},"13":{"start":{"line":26,"column":22},"end":{"line":26,"column":60}},"14":{"start":{"line":27,"column":8},"end":{"line":27,"column":21}},"15":{"start":{"line":30,"column":8},"end":{"line":30,"column":116}},"16":{"start":{"line":33,"column":0},"end":{"line":33,"column":42}},"17":{"start":{"line":35,"column":21},"end":{"line":35,"column":127}},"18":{"start":{"line":36,"column":4},"end":{"line":36,"column":28}},"19":{"start":{"line":38,"column":0},"end":{"line":38,"column":32}}},"fnMap":{"0":{"name":"sendUserOpToBundler","decl":{"start":{"line":6,"column":15},"end":{"line":6,"column":34}},"loc":{"start":{"line":6,"column":81},"end":{"line":13,"column":1}},"line":6},"1":{"name":"estimateUserOpGas","decl":{"start":{"line":15,"column":15},"end":{"line":15,"column":32}},"loc":{"start":{"line":15,"column":79},"end":{"line":22,"column":1}},"line":15},"2":{"name":"validateChainId","decl":{"start":{"line":24,"column":15},"end":{"line":24,"column":30}},"loc":{"start":{"line":24,"column":50},"end":{"line":32,"column":1}},"line":24},"3":{"name":"getChainId","decl":{"start":{"line":34,"column":15},"end":{"line":34,"column":25}},"loc":{"start":{"line":34,"column":38},"end":{"line":37,"column":1}},"line":34}},"branchMap":{"0":{"loc":{"start":{"line":7,"column":4},"end":{"line":12,"column":5}},"type":"if","locations":[{"start":{"line":7,"column":4},"end":{"line":12,"column":5}},{"start":{"line":7,"column":4},"end":{"line":12,"column":5}}],"line":7},"1":{"loc":{"start":{"line":16,"column":4},"end":{"line":21,"column":5}},"type":"if","locations":[{"start":{"line":16,"column":4},"end":{"line":21,"column":5}},{"start":{"line":16,"column":4},"end":{"line":21,"column":5}}],"line":16},"2":{"loc":{"start":{"line":25,"column":4},"end":{"line":31,"column":5}},"type":"if","locations":[{"start":{"line":25,"column":4},"end":{"line":31,"column":5}},{"start":{"line":25,"column":4},"end":{"line":31,"column":5}}],"line":25}},"s":{"0":1,"1":1,"2":1,"3":1,"4":0,"5":0,"6":0,"7":1,"8":0,"9":0,"10":0,"11":1,"12":5,"13":0,"14":0,"15":5,"16":1,"17":0,"18":0,"19":1},"f":{"0":0,"1":0,"2":5,"3":0},"b":{"0":[0,0],"1":[0,0],"2":[0,5]},"inputSourceMap":{"version":3,"file":"/Users/albertsu/Desktop/sdk/src/apis/BundlerApis.ts","sources":["/Users/albertsu/Desktop/sdk/src/apis/BundlerApis.ts"],"names":[],"mappings":";;;AACA,mDAAkE;AAElE,gDAAmE;AAE5D,KAAK,UAAU,mBAAmB,CACrC,MAAW,EACX,iBAAyB,EACzB,OAAe,EACf,QAA0B;IAE1B,IAAI,MAAM,CAAC,OAAO,CAAC,KAAK,+BAAmB,EAAE;QACzC,OAAO,MAAM,QAAS,CAAC,IAAI,CAAC,uBAAuB,EAAE,CAAC,MAAM,EAAE,iBAAiB,CAAC,CAAC,CAAA;KACpF;SAAM;QACH,OAAO,MAAM,IAAA,0BAAe,EAAC,mBAAO,EAAE,sBAAsB,EAAE,EAAE,MAAM,EAAE,iBAAiB,EAAE,OAAO,EAAE,CAAC,CAAA;KACxG;AACL,CAAC;AAXD,kDAWC;AAEM,KAAK,UAAU,iBAAiB,CACnC,MAAqB,EACrB,iBAAyB,EACzB,OAAe,EACf,QAA0B;IAE1B,IAAI,MAAM,CAAC,OAAO,CAAC,KAAK,+BAAmB,EAAE;QACzC,OAAO,MAAM,QAAS,CAAC,IAAI,CAAC,8BAA8B,EAAE,CAAC,MAAM,EAAE,iBAAiB,CAAC,CAAC,CAAA;KAC3F;SAAM;QACH,OAAO,MAAM,IAAA,0BAAe,EAAC,mBAAO,EAAE,8BAA8B,EAAE,EAAE,MAAM,EAAE,iBAAiB,EAAE,OAAO,EAAE,CAAC,CAAA;KAChH;AACL,CAAC;AAXD,8CAWC;AAEM,KAAK,UAAU,eAAe,CAAC,OAAe,EAAE,QAA0B;IAC7E,IAAI,MAAM,CAAC,OAAO,CAAC,KAAK,+BAAmB,EAAE;QACzC,MAAM,KAAK,GAAG,MAAM,QAAS,CAAC,IAAI,CAAC,aAAa,EAAE,EAAE,CAAC,CAAA;QACrD,OAAO,KAAK,CAAA;KACf;SAAM;QACH,OAAO,MAAM,IAAA,0BAAe,EAAC,mBAAO,EAAE,2BAA2B,EAAE,EAAE,OAAO,EAAE,CAAC,CAAA;KAClF;AACL,CAAC;AAPD,0CAOC;AAEM,KAAK,UAAU,UAAU,CAAC,UAAkB;IAC/C,MAAM,QAAQ,GAAG,MAAM,IAAA,yBAAc,EAAC,mBAAO,EAAE,mCAAmC,UAAU,EAAE,CAAC,CAAA;IAC/F,OAAO,QAAQ,CAAC,OAAO,CAAA;AAC3B,CAAC;AAHD,gCAGC","sourcesContent":["import { JsonRpcProvider } from \"@ethersproject/providers\"\nimport { API_URL, LOCAL_FORK_CHAIN_ID } from \"../common/constants\"\nimport { UserOperation } from \"../data\"\nimport { sendGetRequest, sendPostRequest } from \"../utils/ApiUtils\"\n\nexport async function sendUserOpToBundler(\n    userOp: any,\n    entryPointAddress: string,\n    chainId: string,\n    provider?: JsonRpcProvider\n): Promise<any> {\n    if (Number(chainId) === LOCAL_FORK_CHAIN_ID) {\n        return await provider!.send(\"eth_sendUserOperation\", [userOp, entryPointAddress])\n    } else {\n        return await sendPostRequest(API_URL, \"bundler/send-user-op\", { userOp, entryPointAddress, chainId })\n    }\n}\n\nexport async function estimateUserOpGas(\n    userOp: UserOperation,\n    entryPointAddress: string,\n    chainId: string,\n    provider?: JsonRpcProvider\n): Promise<any> {\n    if (Number(chainId) === LOCAL_FORK_CHAIN_ID) {\n        return await provider!.send(\"eth_estimateUserOperationGas\", [userOp, entryPointAddress])\n    } else {\n        return await sendPostRequest(API_URL, \"bundler/estimate-user-op-gas\", { userOp, entryPointAddress, chainId })\n    }\n}\n\nexport async function validateChainId(chainId: string, provider?: JsonRpcProvider): Promise<any> {\n    if (Number(chainId) === LOCAL_FORK_CHAIN_ID) {\n        const chain = await provider!.send(\"eth_chainId\", [])\n        return chain\n    } else {\n        return await sendPostRequest(API_URL, \"bundler/validate-chain-id\", { chainId })\n    }\n}\n\nexport async function getChainId(bundlerUrl: string): Promise<any> {\n    const response = await sendGetRequest(API_URL, `bundler/get-chain-id?bundlerUrl=${bundlerUrl}`)\n    return response.chainId\n}\n"]},"_coverageSchema":"1a1c01bbd47fc00a2c39e90264f33305004495a9","hash":"424bff06eccfbca0efcf3f3fe765047f20fb66e7","contentHash":"c6784ffb15f0cc01307e81f27bc2bdb44f8019ec6188397277084818e36e37d7"},"/Users/albertsu/Desktop/sdk/src/apis/DashboardApis.ts":{"path":"/Users/albertsu/Desktop/sdk/src/apis/DashboardApis.ts","statementMap":{"0":{"start":{"line":2,"column":0},"end":{"line":2,"column":62}},"1":{"start":{"line":3,"column":0},"end":{"line":3,"column":28}},"2":{"start":{"line":4,"column":20},"end":{"line":4,"column":50}},"3":{"start":{"line":5,"column":19},"end":{"line":5,"column":47}},"4":{"start":{"line":7,"column":4},"end":{"line":9,"column":5}},"5":{"start":{"line":8,"column":8},"end":{"line":8,"column":44}},"6":{"start":{"line":10,"column":4},"end":{"line":12,"column":7}},"7":{"start":{"line":11,"column":8},"end":{"line":11,"column":22}},"8":{"start":{"line":14,"column":0},"end":{"line":14,"column":32}}},"fnMap":{"0":{"name":"getOrgInfo","decl":{"start":{"line":6,"column":15},"end":{"line":6,"column":25}},"loc":{"start":{"line":6,"column":34},"end":{"line":13,"column":1}},"line":6},"1":{"name":"(anonymous_1)","decl":{"start":{"line":10,"column":102},"end":{"line":10,"column":103}},"loc":{"start":{"line":10,"column":109},"end":{"line":12,"column":5}},"line":10}},"branchMap":{"0":{"loc":{"start":{"line":7,"column":4},"end":{"line":9,"column":5}},"type":"if","locations":[{"start":{"line":7,"column":4},"end":{"line":9,"column":5}},{"start":{"line":7,"column":4},"end":{"line":9,"column":5}}],"line":7}},"s":{"0":1,"1":1,"2":1,"3":1,"4":5,"5":0,"6":5,"7":5,"8":1},"f":{"0":5,"1":5},"b":{"0":[0,5]},"inputSourceMap":{"version":3,"file":"/Users/albertsu/Desktop/sdk/src/apis/DashboardApis.ts","sources":["/Users/albertsu/Desktop/sdk/src/apis/DashboardApis.ts"],"names":[],"mappings":";;;AAAA,mDAAqE;AACrE,gDAAkD;AAE3C,KAAK,UAAU,UAAU,CAAC,MAAc;IAC3C,IAAI,MAAM,KAAK,wBAAY,EAAE;QACzB,OAAO,EAAE,EAAE,EAAE,MAAM,EAAE,IAAI,EAAE,MAAM,EAAE,CAAA;KACtC;IACD,OAAO,MAAM,IAAA,yBAAc,EAAC,6BAAiB,EAAE,QAAQ,EAAE,MAAM,CAAC,CAAC,IAAI,CAAC,CAAC,CAAC,EAAE,EAAE;QACxE,OAAO,CAAC,CAAC,IAAI,CAAA;IACjB,CAAC,CAAC,CAAA;AACN,CAAC;AAPD,gCAOC","sourcesContent":["import { DASHBOARD_API_URL, TEST_API_KEY } from \"../common/constants\"\nimport { sendGetRequest } from \"../utils/ApiUtils\"\n\nexport async function getOrgInfo(apiKey: string): Promise<any> {\n    if (apiKey === TEST_API_KEY) {\n        return { id: \"test\", name: \"test\" }\n    }\n    return await sendGetRequest(DASHBOARD_API_URL, \"apikey\", apiKey).then((r) => {\n        return r.data\n    })\n}\n"]},"_coverageSchema":"1a1c01bbd47fc00a2c39e90264f33305004495a9","hash":"4b3a592e1d05d3979f5867c0b3da9e3224f22360","contentHash":"56733db74457b85f938c9d5ac2b2c1dc4f58fd847fa8dcba30ccece79f6c9201"},"/Users/albertsu/Desktop/sdk/src/apis/InfoApis.ts":{"path":"/Users/albertsu/Desktop/sdk/src/apis/InfoApis.ts","statementMap":{"0":{"start":{"line":2,"column":0},"end":{"line":2,"column":62}},"1":{"start":{"line":3,"column":0},"end":{"line":3,"column":134}},"2":{"start":{"line":4,"column":20},"end":{"line":4,"column":50}},"3":{"start":{"line":5,"column":17},"end":{"line":5,"column":37}},"4":{"start":{"line":6,"column":19},"end":{"line":6,"column":47}},"5":{"start":{"line":8,"column":4},"end":{"line":8,"column":34}},"6":{"start":{"line":10,"column":4},"end":{"line":13,"column":6}},"7":{"start":{"line":14,"column":4},"end":{"line":23,"column":5}},"8":{"start":{"line":15,"column":21},"end":{"line":15,"column":58}},"9":{"start":{"line":16,"column":8},"end":{"line":18,"column":9}},"10":{"start":{"line":17,"column":12},"end":{"line":17,"column":24}},"11":{"start":{"line":19,"column":8},"end":{"line":22,"column":10}},"12":{"start":{"line":24,"column":4},"end":{"line":26,"column":5}},"13":{"start":{"line":25,"column":8},"end":{"line":25,"column":65}},"14":{"start":{"line":27,"column":22},"end":{"line":29,"column":6}},"15":{"start":{"line":28,"column":8},"end":{"line":28,"column":22}},"16":{"start":{"line":30,"column":4},"end":{"line":32,"column":5}},"17":{"start":{"line":31,"column":8},"end":{"line":31,"column":42}},"18":{"start":{"line":33,"column":19},"end":{"line":33,"column":85}},"19":{"start":{"line":34,"column":4},"end":{"line":34,"column":88}},"20":{"start":{"line":36,"column":0},"end":{"line":36,"column":36}},"21":{"start":{"line":38,"column":4},"end":{"line":40,"column":5}},"22":{"start":{"line":39,"column":8},"end":{"line":39,"column":47}},"23":{"start":{"line":41,"column":17},"end":{"line":41,"column":35}},"24":{"start":{"line":42,"column":4},"end":{"line":59,"column":5}},"25":{"start":{"line":43,"column":20},"end":{"line":47,"column":35}},"26":{"start":{"line":45,"column":12},"end":{"line":45,"column":21}},"27":{"start":{"line":47,"column":25},"end":{"line":47,"column":34}},"28":{"start":{"line":48,"column":18},"end":{"line":48,"column":81}},"29":{"start":{"line":49,"column":8},"end":{"line":49,"column":113}},"30":{"start":{"line":50,"column":8},"end":{"line":50,"column":17}},"31":{"start":{"line":53,"column":8},"end":{"line":58,"column":11}},"32":{"start":{"line":54,"column":12},"end":{"line":56,"column":13}},"33":{"start":{"line":55,"column":16},"end":{"line":55,"column":51}},"34":{"start":{"line":57,"column":12},"end":{"line":57,"column":26}},"35":{"start":{"line":61,"column":0},"end":{"line":61,"column":36}},"36":{"start":{"line":63,"column":4},"end":{"line":72,"column":5}},"37":{"start":{"line":64,"column":8},"end":{"line":66,"column":11}},"38":{"start":{"line":65,"column":12},"end":{"line":65,"column":21}},"39":{"start":{"line":69,"column":8},"end":{"line":71,"column":11}},"40":{"start":{"line":70,"column":12},"end":{"line":70,"column":26}},"41":{"start":{"line":74,"column":0},"end":{"line":74,"column":44}},"42":{"start":{"line":76,"column":17},"end":{"line":79,"column":5}},"43":{"start":{"line":80,"column":4},"end":{"line":89,"column":5}},"44":{"start":{"line":81,"column":8},"end":{"line":83,"column":11}},"45":{"start":{"line":82,"column":12},"end":{"line":82,"column":26}},"46":{"start":{"line":86,"column":8},"end":{"line":88,"column":11}},"47":{"start":{"line":87,"column":12},"end":{"line":87,"column":21}},"48":{"start":{"line":91,"column":0},"end":{"line":91,"column":38}},"49":{"start":{"line":93,"column":69},"end":{"line":93,"column":96}},"50":{"start":{"line":94,"column":4},"end":{"line":94,"column":28}},"51":{"start":{"line":96,"column":0},"end":{"line":96,"column":50}}},"fnMap":{"0":{"name":"getTokenInfo","decl":{"start":{"line":7,"column":15},"end":{"line":7,"column":27}},"loc":{"start":{"line":7,"column":45},"end":{"line":35,"column":1}},"line":7},"1":{"name":"(anonymous_1)","decl":{"start":{"line":27,"column":109},"end":{"line":27,"column":110}},"loc":{"start":{"line":27,"column":116},"end":{"line":29,"column":5}},"line":27},"2":{"name":"getChainInfo","decl":{"start":{"line":37,"column":15},"end":{"line":37,"column":27}},"loc":{"start":{"line":37,"column":37},"end":{"line":60,"column":1}},"line":37},"3":{"name":"(anonymous_3)","decl":{"start":{"line":44,"column":18},"end":{"line":44,"column":19}},"loc":{"start":{"line":44,"column":25},"end":{"line":46,"column":9}},"line":44},"4":{"name":"(anonymous_4)","decl":{"start":{"line":47,"column":19},"end":{"line":47,"column":20}},"loc":{"start":{"line":47,"column":25},"end":{"line":47,"column":34}},"line":47},"5":{"name":"(anonymous_5)","decl":{"start":{"line":53,"column":103},"end":{"line":53,"column":104}},"loc":{"start":{"line":53,"column":110},"end":{"line":58,"column":9}},"line":53},"6":{"name":"getChainFromName","decl":{"start":{"line":62,"column":15},"end":{"line":62,"column":31}},"loc":{"start":{"line":62,"column":38},"end":{"line":73,"column":1}},"line":62},"7":{"name":"(anonymous_7)","decl":{"start":{"line":64,"column":120},"end":{"line":64,"column":121}},"loc":{"start":{"line":64,"column":127},"end":{"line":66,"column":9}},"line":64},"8":{"name":"(anonymous_8)","decl":{"start":{"line":69,"column":112},"end":{"line":69,"column":113}},"loc":{"start":{"line":69,"column":119},"end":{"line":71,"column":9}},"line":69},"9":{"name":"getModuleInfo","decl":{"start":{"line":75,"column":15},"end":{"line":75,"column":28}},"loc":{"start":{"line":75,"column":50},"end":{"line":90,"column":1}},"line":75},"10":{"name":"(anonymous_10)","decl":{"start":{"line":81,"column":104},"end":{"line":81,"column":105}},"loc":{"start":{"line":81,"column":111},"end":{"line":83,"column":9}},"line":81},"11":{"name":"(anonymous_11)","decl":{"start":{"line":86,"column":110},"end":{"line":86,"column":111}},"loc":{"start":{"line":86,"column":117},"end":{"line":88,"column":9}},"line":86},"12":{"name":"getPaymasterAddress","decl":{"start":{"line":92,"column":15},"end":{"line":92,"column":34}},"loc":{"start":{"line":92,"column":44},"end":{"line":95,"column":1}},"line":92}},"branchMap":{"0":{"loc":{"start":{"line":14,"column":4},"end":{"line":23,"column":5}},"type":"if","locations":[{"start":{"line":14,"column":4},"end":{"line":23,"column":5}},{"start":{"line":14,"column":4},"end":{"line":23,"column":5}}],"line":14},"1":{"loc":{"start":{"line":14,"column":8},"end":{"line":14,"column":115}},"type":"binary-expr","locations":[{"start":{"line":14,"column":8},"end":{"line":14,"column":59}},{"start":{"line":14,"column":63},"end":{"line":14,"column":115}}],"line":14},"2":{"loc":{"start":{"line":16,"column":8},"end":{"line":18,"column":9}},"type":"if","locations":[{"start":{"line":16,"column":8},"end":{"line":18,"column":9}},{"start":{"line":16,"column":8},"end":{"line":18,"column":9}}],"line":16},"3":{"loc":{"start":{"line":24,"column":4},"end":{"line":26,"column":5}},"type":"if","locations":[{"start":{"line":24,"column":4},"end":{"line":26,"column":5}},{"start":{"line":24,"column":4},"end":{"line":26,"column":5}}],"line":24},"4":{"loc":{"start":{"line":24,"column":8},"end":{"line":24,"column":95}},"type":"binary-expr","locations":[{"start":{"line":24,"column":9},"end":{"line":24,"column":26}},{"start":{"line":24,"column":30},"end":{"line":24,"column":49}},{"start":{"line":24,"column":54},"end":{"line":24,"column":95}}],"line":24},"5":{"loc":{"start":{"line":30,"column":4},"end":{"line":32,"column":5}},"type":"if","locations":[{"start":{"line":30,"column":4},"end":{"line":32,"column":5}},{"start":{"line":30,"column":4},"end":{"line":32,"column":5}}],"line":30},"6":{"loc":{"start":{"line":38,"column":4},"end":{"line":40,"column":5}},"type":"if","locations":[{"start":{"line":38,"column":4},"end":{"line":40,"column":5}},{"start":{"line":38,"column":4},"end":{"line":40,"column":5}}],"line":38},"7":{"loc":{"start":{"line":42,"column":4},"end":{"line":59,"column":5}},"type":"if","locations":[{"start":{"line":42,"column":4},"end":{"line":59,"column":5}},{"start":{"line":42,"column":4},"end":{"line":59,"column":5}}],"line":42},"8":{"loc":{"start":{"line":48,"column":18},"end":{"line":48,"column":81}},"type":"cond-expr","locations":[{"start":{"line":48,"column":24},"end":{"line":48,"column":27}},{"start":{"line":48,"column":30},"end":{"line":48,"column":81}}],"line":48},"9":{"loc":{"start":{"line":54,"column":12},"end":{"line":56,"column":13}},"type":"if","locations":[{"start":{"line":54,"column":12},"end":{"line":56,"column":13}},{"start":{"line":54,"column":12},"end":{"line":56,"column":13}}],"line":54},"10":{"loc":{"start":{"line":63,"column":4},"end":{"line":72,"column":5}},"type":"if","locations":[{"start":{"line":63,"column":4},"end":{"line":72,"column":5}},{"start":{"line":63,"column":4},"end":{"line":72,"column":5}}],"line":63},"11":{"loc":{"start":{"line":80,"column":4},"end":{"line":89,"column":5}},"type":"if","locations":[{"start":{"line":80,"column":4},"end":{"line":89,"column":5}},{"start":{"line":80,"column":4},"end":{"line":89,"column":5}}],"line":80}},"s":{"0":1,"1":1,"2":1,"3":1,"4":1,"5":0,"6":0,"7":0,"8":0,"9":0,"10":0,"11":0,"12":0,"13":0,"14":0,"15":0,"16":0,"17":0,"18":0,"19":0,"20":1,"21":5,"22":0,"23":5,"24":5,"25":0,"26":0,"27":0,"28":0,"29":0,"30":0,"31":5,"32":5,"33":0,"34":5,"35":1,"36":0,"37":0,"38":0,"39":0,"40":0,"41":1,"42":0,"43":0,"44":0,"45":0,"46":0,"47":0,"48":1,"49":0,"50":0,"51":1},"f":{"0":0,"1":0,"2":5,"3":0,"4":0,"5":5,"6":0,"7":0,"8":0,"9":0,"10":0,"11":0,"12":0},"b":{"0":[0,0],"1":[0,0],"2":[0,0],"3":[0,0],"4":[0,0,0],"5":[0,0],"6":[0,5],"7":[0,5],"8":[0,0],"9":[0,5],"10":[0,0],"11":[0,0]},"inputSourceMap":{"version":3,"file":"/Users/albertsu/Desktop/sdk/src/apis/InfoApis.ts","sources":["/Users/albertsu/Desktop/sdk/src/apis/InfoApis.ts"],"names":[],"mappings":";;;AAAA,mDAS4B;AAC5B,sCAA0D;AAC1D,gDAAmD;AAE5C,KAAK,UAAU,YAAY,CAAC,MAAc,EAAE,OAAe;IAC9D,MAAM,GAAG,MAAM,CAAC,WAAW,EAAE,CAAA;IAC7B,IAAI,IAAI,CAAA;IAER,IAAI,GAAG;QACH,MAAM;QACN,KAAK,EAAE,OAAO;KACjB,CAAA;IACD,IAAI,MAAM,CAAC,OAAO,CAAC,KAAK,+BAAmB,IAAI,MAAM,CAAC,OAAO,CAAC,KAAK,gCAAoB,EAAE;QACrF,MAAM,IAAI,GAAI,6BAAyB,CAAC,MAAM,CAAC,CAAA;QAC/C,IAAI,IAAI,EAAE;YACN,OAAO,IAAI,CAAA;SACd;QACD,IAAI,GAAG;YACH,MAAM;YACN,KAAK,EAAE,GAAG;SACb,CAAA;KACJ;IACD,IAAI,CAAC,MAAM,KAAK,MAAM,IAAI,MAAM,KAAK,QAAQ,CAAC,IAAK,gCAA4B,CAAC,OAAO,CAAC,EAAE;QACtF,OAAQ,gCAA4B,CAAC,OAAO,CAAC,CAAC,MAAM,CAAC,CAAA;KACxD;IAED,MAAM,SAAS,GAAG,MAAM,IAAA,0BAAe,EAAC,mBAAO,EAAE,eAAe,EAAE,IAAI,CAAC,CAAC,IAAI,CAAC,CAAC,CAAC,EAAE,EAAE;QAC/E,OAAO,CAAC,CAAC,IAAI,CAAA;IACjB,CAAC,CAAC,CAAA;IACF,IAAI,SAAS,CAAC,gBAAgB,EAAE;QAC5B,OAAO,SAAS,CAAC,gBAAgB,CAAA;KACpC;IACD,MAAM,MAAM,GAAG,IAAI,eAAM,CAAC,OAAO,EAAE,MAAM,EAAE,4BAA4B,CAAC,CAAA;IACxE,MAAM,IAAI,+BAAsB,CAAC,kBAAkB,EAAE,YAAY,EAAE,MAAM,CAAC,CAAA;AAC9E,CAAC;AA9BD,oCA8BC;AAEM,KAAK,UAAU,YAAY,CAAC,OAAe;IAC9C,IAAI,CAAC,MAAM,CAAC,OAAO,CAAC,EAAE;QAClB,OAAO,MAAM,gBAAgB,CAAC,OAAO,CAAC,CAAA;KACzC;IACD,MAAM,IAAI,GAAG,EAAE,KAAK,EAAE,OAAO,EAAE,CAAA;IAE/B,IAAI,MAAM,CAAC,OAAO,CAAC,KAAK,+BAAmB,EAAE;QACzC,MAAM,GAAG,GAAG,MAAM,IAAA,0BAAe,EAAC,yBAAa,EAAE,gBAAgB,EAAE,IAAI,CAAC;aACnE,IAAI,CAAC,CAAC,CAAC,EAAE,EAAE;YACR,OAAO,CAAC,CAAA;QACZ,CAAC,CAAC;aACD,KAAK,CAAC,GAAG,EAAE,CAAC,SAAS,CAAC,CAAA;QAC3B,MAAM,CAAC,GAAG,GAAG,CAAC,CAAC,CAAC,GAAG,CAAC,CAAC,CAAC,EAAE,KAAK,EAAE,OAAO,EAAE,MAAM,EAAE,uBAAuB,EAAE,CAAA;QACzE,CAAC,CAAC,eAAe,GAAG,EAAE,GAAG,CAAC,CAAC,eAAe,EAAE,sBAAsB,EAAtB,kCAAsB,EAAE,CAAA;QACpE,OAAO,CAAC,CAAA;KACX;SAAM;QACH,OAAO,MAAM,IAAA,0BAAe,EAAC,mBAAO,EAAE,gBAAgB,EAAE,IAAI,CAAC,CAAC,IAAI,CAAC,CAAC,CAAC,EAAE,EAAE;YACrE,IAAI,CAAC,CAAC,CAAC,IAAI,EAAE;gBACT,MAAM,IAAI,KAAK,CAAC,IAAI,CAAC,SAAS,CAAC,CAAC,CAAC,CAAC,CAAA;aACrC;YACD,OAAO,CAAC,CAAC,IAAI,CAAA;QACjB,CAAC,CAAC,CAAA;KACL;AACL,CAAC;AAvBD,oCAuBC;AAEM,KAAK,UAAU,gBAAgB,CAAC,IAAY;IAC/C,IAAI,IAAI,KAAK,gCAAoB,EAAE;QAC/B,OAAO,MAAM,IAAA,0BAAe,EAAC,yBAAa,EAAE,gBAAgB,EAAE,EAAE,KAAK,EAAE,IAAI,EAAE,CAAC,CAAC,IAAI,CAAC,CAAC,CAAC,EAAE,EAAE;YACtF,OAAO,CAAC,CAAA;QACZ,CAAC,CAAC,CAAA;KACL;SAAM;QACH,OAAO,MAAM,IAAA,0BAAe,EAAC,mBAAO,EAAE,qBAAqB,EAAE,EAAE,IAAI,EAAE,CAAC,CAAC,IAAI,CAAC,CAAC,CAAC,EAAE,EAAE;YAC9E,OAAO,CAAC,CAAC,IAAI,CAAA;QACjB,CAAC,CAAC,CAAA;KACL;AACL,CAAC;AAVD,4CAUC;AAEM,KAAK,UAAU,aAAa,CAAC,UAAkB,EAAE,OAAe;IACnE,MAAM,IAAI,GAAG;QACT,MAAM,EAAE,UAAU;QAClB,KAAK,EAAE,OAAO;KACjB,CAAA;IAED,IAAI,MAAM,CAAC,OAAO,CAAC,KAAK,+BAAmB,EAAE;QACzC,OAAO,MAAM,IAAA,0BAAe,EAAC,mBAAO,EAAE,iBAAiB,EAAE,IAAI,CAAC,CAAC,IAAI,CAAC,CAAC,CAAC,EAAE,EAAE;YACtE,OAAO,CAAC,CAAC,IAAI,CAAA;QACjB,CAAC,CAAC,CAAA;KACL;SAAM;QACH,OAAO,MAAM,IAAA,0BAAe,EAAC,yBAAa,EAAE,iBAAiB,EAAE,IAAI,CAAC,CAAC,IAAI,CAAC,CAAC,CAAC,EAAE,EAAE;YAC5E,OAAO,CAAC,CAAA;QACZ,CAAC,CAAC,CAAA;KACL;AACL,CAAC;AAfD,sCAeC;AAEM,KAAK,UAAU,mBAAmB,CAAC,OAAe;IACrD,MAAM,EACF,eAAe,EAAE,EACb,SAAS,EAAE,EAAE,gBAAgB,EAAE,EAClC,EACJ,GAAG,MAAM,YAAY,CAAC,OAAO,CAAC,CAAA;IAC/B,OAAO,gBAAgB,CAAA;AAC3B,CAAC;AAPD,kDAOC","sourcesContent":["import {\n    API_URL,\n    BASE_WRAP_TOKEN_ADDR,\n    FORK_DEFAULT_ADDRESSES,\n    FUN_TESTNET_CHAIN_ID,\n    LOCAL_API_URL,\n    LOCAL_FORK_CHAIN_ID,\n    LOCAL_FORK_CHAIN_KEY,\n    LOCAL_TOKEN_ADDRS\n} from \"../common/constants\"\nimport { Helper, ServerMissingDataError } from \"../errors\"\nimport { sendPostRequest } from \"../utils/ApiUtils\"\n\nexport async function getTokenInfo(symbol: string, chainId: string): Promise<any> {\n    symbol = symbol.toLowerCase()\n    let body\n\n    body = {\n        symbol,\n        chain: chainId\n    }\n    if (Number(chainId) === LOCAL_FORK_CHAIN_ID || Number(chainId) === FUN_TESTNET_CHAIN_ID) {\n        const addr = (LOCAL_TOKEN_ADDRS as any)[symbol]\n        if (addr) {\n            return addr\n        }\n        body = {\n            symbol,\n            chain: \"1\"\n        }\n    }\n    if ((symbol === \"weth\" || symbol === \"wmatic\") && (BASE_WRAP_TOKEN_ADDR as any)[chainId]) {\n        return (BASE_WRAP_TOKEN_ADDR as any)[chainId][symbol]\n    }\n\n    const tokenInfo = await sendPostRequest(API_URL, \"get-erc-token\", body).then((r) => {\n        return r.data\n    })\n    if (tokenInfo.contract_address) {\n        return tokenInfo.contract_address\n    }\n    const helper = new Helper(\"token\", symbol, \"token symbol doesn't exist\")\n    throw new ServerMissingDataError(\"Token.getAddress\", \"DataServer\", helper)\n}\n\nexport async function getChainInfo(chainId: string): Promise<any> {\n    if (!Number(chainId)) {\n        return await getChainFromName(chainId)\n    }\n    const body = { chain: chainId }\n\n    if (Number(chainId) === LOCAL_FORK_CHAIN_ID) {\n        const req = await sendPostRequest(LOCAL_API_URL, \"get-chain-info\", body)\n            .then((r) => {\n                return r\n            })\n            .catch(() => undefined)\n        const r = req ? req : { chain: chainId, rpcUrl: \"http://localhost:8545\" }\n        r.moduleAddresses = { ...r.moduleAddresses, FORK_DEFAULT_ADDRESSES }\n        return r\n    } else {\n        return await sendPostRequest(API_URL, \"get-chain-info\", body).then((r) => {\n            if (!r.data) {\n                throw new Error(JSON.stringify(r))\n            }\n            return r.data\n        })\n    }\n}\n\nexport async function getChainFromName(name: string): Promise<any> {\n    if (name === LOCAL_FORK_CHAIN_KEY) {\n        return await sendPostRequest(LOCAL_API_URL, \"get-chain-info\", { chain: name }).then((r) => {\n            return r\n        })\n    } else {\n        return await sendPostRequest(API_URL, \"get-chain-from-name\", { name }).then((r) => {\n            return r.data\n        })\n    }\n}\n\nexport async function getModuleInfo(moduleName: string, chainId: string): Promise<any> {\n    const body = {\n        module: moduleName,\n        chain: chainId\n    }\n\n    if (Number(chainId) !== LOCAL_FORK_CHAIN_ID) {\n        return await sendPostRequest(API_URL, \"get-module-info\", body).then((r) => {\n            return r.data\n        })\n    } else {\n        return await sendPostRequest(LOCAL_API_URL, \"get-module-info\", body).then((r) => {\n            return r\n        })\n    }\n}\n\nexport async function getPaymasterAddress(chainId: string): Promise<any> {\n    const {\n        moduleAddresses: {\n            paymaster: { paymasterAddress }\n        }\n    } = await getChainInfo(chainId)\n    return paymasterAddress\n}\n"]},"_coverageSchema":"1a1c01bbd47fc00a2c39e90264f33305004495a9","hash":"f2ae730dccaa2f9db4f428f6ce244ae984ffe080","contentHash":"2c6906bebe5291453c52c11aa598956b8fe6a7e2bd97f5b0016e556905629ffc"},"/Users/albertsu/Desktop/sdk/src/errors/index.ts":{"path":"/Users/albertsu/Desktop/sdk/src/errors/index.ts","statementMap":{"0":{"start":{"line":2,"column":22},"end":{"line":12,"column":3}},"1":{"start":{"line":3,"column":4},"end":{"line":3,"column":33}},"2":{"start":{"line":3,"column":26},"end":{"line":3,"column":33}},"3":{"start":{"line":4,"column":15},"end":{"line":4,"column":52}},"4":{"start":{"line":5,"column":4},"end":{"line":7,"column":5}},"5":{"start":{"line":6,"column":6},"end":{"line":6,"column":68}},"6":{"start":{"line":6,"column":51},"end":{"line":6,"column":63}},"7":{"start":{"line":8,"column":4},"end":{"line":8,"column":39}},"8":{"start":{"line":10,"column":4},"end":{"line":10,"column":33}},"9":{"start":{"line":10,"column":26},"end":{"line":10,"column":33}},"10":{"start":{"line":11,"column":4},"end":{"line":11,"column":17}},"11":{"start":{"line":13,"column":19},"end":{"line":15,"column":1}},"12":{"start":{"line":14,"column":4},"end":{"line":14,"column":126}},"13":{"start":{"line":14,"column":21},"end":{"line":14,"column":126}},"14":{"start":{"line":14,"column":95},"end":{"line":14,"column":126}},"15":{"start":{"line":16,"column":0},"end":{"line":16,"column":62}},"16":{"start":{"line":17,"column":0},"end":{"line":17,"column":46}},"17":{"start":{"line":18,"column":0},"end":{"line":18,"column":46}},"18":{"start":{"line":19,"column":0},"end":{"line":19,"column":43}},"19":{"start":{"line":20,"column":0},"end":{"line":20,"column":51}},"20":{"start":{"line":21,"column":0},"end":{"line":21,"column":48}},"21":{"start":{"line":22,"column":0},"end":{"line":22,"column":48}},"22":{"start":{"line":23,"column":0},"end":{"line":23,"column":53}},"23":{"start":{"line":24,"column":0},"end":{"line":24,"column":42}}},"fnMap":{"0":{"name":"(anonymous_0)","decl":{"start":{"line":2,"column":74},"end":{"line":2,"column":75}},"loc":{"start":{"line":2,"column":96},"end":{"line":9,"column":1}},"line":2},"1":{"name":"(anonymous_1)","decl":{"start":{"line":6,"column":38},"end":{"line":6,"column":39}},"loc":{"start":{"line":6,"column":49},"end":{"line":6,"column":65}},"line":6},"2":{"name":"(anonymous_2)","decl":{"start":{"line":9,"column":6},"end":{"line":9,"column":7}},"loc":{"start":{"line":9,"column":28},"end":{"line":12,"column":1}},"line":9},"3":{"name":"(anonymous_3)","decl":{"start":{"line":13,"column":50},"end":{"line":13,"column":51}},"loc":{"start":{"line":13,"column":71},"end":{"line":15,"column":1}},"line":13}},"branchMap":{"0":{"loc":{"start":{"line":2,"column":22},"end":{"line":12,"column":3}},"type":"binary-expr","locations":[{"start":{"line":2,"column":23},"end":{"line":2,"column":27}},{"start":{"line":2,"column":31},"end":{"line":2,"column":51}},{"start":{"line":2,"column":57},"end":{"line":12,"column":2}}],"line":2},"1":{"loc":{"start":{"line":2,"column":57},"end":{"line":12,"column":2}},"type":"cond-expr","locations":[{"start":{"line":2,"column":74},"end":{"line":9,"column":1}},{"start":{"line":9,"column":6},"end":{"line":12,"column":1}}],"line":2},"2":{"loc":{"start":{"line":3,"column":4},"end":{"line":3,"column":33}},"type":"if","locations":[{"start":{"line":3,"column":4},"end":{"line":3,"column":33}},{"start":{"line":3,"column":4},"end":{"line":3,"column":33}}],"line":3},"3":{"loc":{"start":{"line":5,"column":4},"end":{"line":7,"column":5}},"type":"if","locations":[{"start":{"line":5,"column":4},"end":{"line":7,"column":5}},{"start":{"line":5,"column":4},"end":{"line":7,"column":5}}],"line":5},"4":{"loc":{"start":{"line":5,"column":8},"end":{"line":5,"column":85}},"type":"binary-expr","locations":[{"start":{"line":5,"column":8},"end":{"line":5,"column":13}},{"start":{"line":5,"column":18},"end":{"line":5,"column":84}}],"line":5},"5":{"loc":{"start":{"line":5,"column":18},"end":{"line":5,"column":84}},"type":"cond-expr","locations":[{"start":{"line":5,"column":34},"end":{"line":5,"column":47}},{"start":{"line":5,"column":50},"end":{"line":5,"column":84}}],"line":5},"6":{"loc":{"start":{"line":5,"column":50},"end":{"line":5,"column":84}},"type":"binary-expr","locations":[{"start":{"line":5,"column":50},"end":{"line":5,"column":63}},{"start":{"line":5,"column":67},"end":{"line":5,"column":84}}],"line":5},"7":{"loc":{"start":{"line":10,"column":4},"end":{"line":10,"column":33}},"type":"if","locations":[{"start":{"line":10,"column":4},"end":{"line":10,"column":33}},{"start":{"line":10,"column":4},"end":{"line":10,"column":33}}],"line":10},"8":{"loc":{"start":{"line":13,"column":19},"end":{"line":15,"column":1}},"type":"binary-expr","locations":[{"start":{"line":13,"column":20},"end":{"line":13,"column":24}},{"start":{"line":13,"column":28},"end":{"line":13,"column":45}},{"start":{"line":13,"column":50},"end":{"line":15,"column":1}}],"line":13},"9":{"loc":{"start":{"line":14,"column":21},"end":{"line":14,"column":126}},"type":"if","locations":[{"start":{"line":14,"column":21},"end":{"line":14,"column":126}},{"start":{"line":14,"column":21},"end":{"line":14,"column":126}}],"line":14},"10":{"loc":{"start":{"line":14,"column":25},"end":{"line":14,"column":93}},"type":"binary-expr","locations":[{"start":{"line":14,"column":25},"end":{"line":14,"column":40}},{"start":{"line":14,"column":44},"end":{"line":14,"column":93}}],"line":14}},"s":{"0":1,"1":11,"2":11,"3":11,"4":11,"5":11,"6":0,"7":11,"8":0,"9":0,"10":0,"11":1,"12":8,"13":11,"14":11,"15":1,"16":1,"17":1,"18":1,"19":1,"20":1,"21":1,"22":1,"23":1},"f":{"0":11,"1":0,"2":0,"3":8},"b":{"0":[1,1,1],"1":[1,0],"2":[11,0],"3":[11,0],"4":[11,11],"5":[0,11],"6":[11,0],"7":[0,0],"8":[1,1,1],"9":[11,0],"10":[11,11]},"inputSourceMap":{"version":3,"file":"/Users/albertsu/Desktop/sdk/src/errors/index.ts","sources":["/Users/albertsu/Desktop/sdk/src/errors/index.ts"],"names":[],"mappings":";;;;;;;;;;;;;;;;AAAA,8CAA2B;AAC3B,8CAA2B;AAC3B,2CAAwB;AACxB,mDAAgC;AAChC,gDAA6B;AAC7B,gDAA6B;AAC7B,qDAAkC;AAClC,0CAAuB","sourcesContent":["export * from \"./BaseError\"\nexport * from \"./DataError\"\nexport * from \"./Helper\"\nexport * from \"./ParameterError\"\nexport * from \"./ServerError\"\nexport * from \"
[...]
"18":{"name":"(anonymous_18)","decl":{"start":{"line":94,"column":60},"end":{"line":94,"column":61}},"loc":{"start":{"line":94,"column":71},"end":{"line":96,"column":13}},"line":94},"19":{"name":"(anonymous_19)","decl":{"start":{"line":101,"column":4},"end":{"line":101,"column":5}},"loc":{"start":{"line":101,"column":34},"end":{"line":109,"column":5}},"line":101},"20":{"name":"(anonymous_20)","decl":{"start":{"line":102,"column":15},"end":{"line":102,"column":16}},"loc":{"start":{"line":102,"column":63},"end":{"line":108,"column":9}},"line":102},"21":{"name":"(anonymous_21)","decl":{"start":{"line":103,"column":60},"end":{"line":103,"column":61}},"loc":{"start":{"line":103,"column":71},"end":{"line":105,"column":13}},"line":103},"22":{"name":"(anonymous_22)","decl":{"start":{"line":110,"column":4},"end":{"line":110,"column":5}},"loc":{"start":{"line":110,"column":28},"end":{"line":115,"column":5}},"line":110},"23":{"name":"(anonymous_23)","decl":{"start":{"line":111,"column":15},"end":{"line":111,"column":16}},"loc":{"start":{"line":111,"column":63},"end":{"line":114,"column":9}},"line":111},"24":{"name":"(anonymous_24)","decl":{"start":{"line":116,"column":4},"end":{"line":116,"column":5}},"loc":{"start":{"line":116,"column":49},"end":{"line":121,"column":5}},"line":116},"25":{"name":"(anonymous_25)","decl":{"start":{"line":117,"column":15},"end":{"line":117,"column":16}},"loc":{"start":{"line":117,"column":63},"end":{"line":120,"column":9}},"line":117},"26":{"name":"(anonymous_26)","decl":{"start":{"line":122,"column":4},"end":{"line":122,"column":5}},"loc":{"start":{"line":122,"column":27},"end":{"line":127,"column":5}},"line":122},"27":{"name":"(anonymous_27)","decl":{"start":{"line":123,"column":15},"end":{"line":123,"column":16}},"loc":{"start":{"line":123,"column":63},"end":{"line":126,"column":9}},"line":123}},"branchMap":{"0":{"loc":{"start":{"line":10,"column":16},"end":{"line":10,"column":52}},"type":"default-arg","locations":[{"start":{"line":10,"column":26},"end":{"line":10,"column":52}}],"line":10},"1":{"loc":{"start":{"line":14,"column":30},"end":{"line":14,"column":66}},"type":"default-arg","locations":[{"start":{"line":14,"column":40},"end":{"line":14,"column":66}}],"line":14},"2":{"loc":{"start":{"line":18,"column":62},"end":{"line":18,"column":98}},"type":"default-arg","locations":[{"start":{"line":18,"column":72},"end":{"line":18,"column":98}}],"line":18},"3":{"loc":{"start":{"line":31,"column":22},"end":{"line":31,"column":58}},"type":"default-arg","locations":[{"start":{"line":31,"column":32},"end":{"line":31,"column":58}}],"line":31},"4":{"loc":{"start":{"line":38,"column":22},"end":{"line":38,"column":58}},"type":"default-arg","locations":[{"start":{"line":38,"column":32},"end":{"line":38,"column":58}}],"line":38},"5":{"loc":{"start":{"line":44,"column":30},"end":{"line":44,"column":66}},"type":"default-arg","locations":[{"start":{"line":44,"column":40},"end":{"line":44,"column":66}}],"line":44},"6":{"loc":{"start":{"line":49,"column":42},"end":{"line":49,"column":78}},"type":"default-arg","locations":[{"start":{"line":49,"column":52},"end":{"line":49,"column":78}}],"line":49},"7":{"loc":{"start":{"line":53,"column":8},"end":{"line":58,"column":9}},"type":"if","locations":[{"start":{"line":53,"column":8},"end":{"line":58,"column":9}},{"start":{"line":53,"column":8},"end":{"line":58,"column":9}}],"line":53},"8":{"loc":{"start":{"line":61,"column":31},"end":{"line":61,"column":67}},"type":"default-arg","locations":[{"start":{"line":61,"column":41},"end":{"line":61,"column":67}}],"line":61},"9":{"loc":{"start":{"line":66,"column":22},"end":{"line":66,"column":58}},"type":"default-arg","locations":[{"start":{"line":66,"column":32},"end":{"line":66,"column":58}}],"line":66},"10":{"loc":{"start":{"line":75,"column":22},"end":{"line":75,"column":58}},"type":"default-arg","locations":[{"start":{"line":75,"column":32},"end":{"line":75,"column":58}}],"line":75},"11":{"loc":{"start":{"line":84,"column":22},"end":{"line":84,"column":58}},"type":"default-arg","locations":[{"start":{"line":84,"column":32},"end":{"line":84,"column":58}}],"line":84},"12":{"loc":{"start":{"line":93,"column":22},"end":{"line":93,"column":58}},"type":"default-arg","locations":[{"start":{"line":93,"column":32},"end":{"line":93,"column":58}}],"line":93},"13":{"loc":{"start":{"line":102,"column":22},"end":{"line":102,"column":58}},"type":"default-arg","locations":[{"start":{"line":102,"column":32},"end":{"line":102,"column":58}}],"line":102},"14":{"loc":{"start":{"line":111,"column":22},"end":{"line":111,"column":58}},"type":"default-arg","locations":[{"start":{"line":111,"column":32},"end":{"line":111,"column":58}}],"line":111},"15":{"loc":{"start":{"line":117,"column":22},"end":{"line":117,"column":58}},"type":"default-arg","locations":[{"start":{"line":117,"column":32},"end":{"line":117,"column":58}}],"line":117},"16":{"loc":{"start":{"line":123,"column":22},"end":{"line":123,"column":58}},"type":"default-arg","locations":[{"start":{"line":123,"column":32},"end":{"line":123,"column":58}}],"line":123}},"s":{"0":1,"1":1,"2":1,"3":1,"4":1,"5":1,"6":1,"7":0,"8":0,"9":0,"10":0,"11":0,"12":0,"13":0,"14":0,"15":0,"16":0,"17":0,"18":0,"19":0,"20":0,"21":0,"22":0,"23":0,"24":0,"25":0,"26":0,"27":0,"28":0,"29":0,"30":0,"31":0,"32":0,"33":0,"34":0,"35":0,"36":0,"37":0,"38":0,"39":0,"40":0,"41":0,"42":0,"43":0,"44":0,"45":0,"46":0,"47":0,"48":0,"49":0,"50":0,"51":0,"52":0,"53":0,"54":0,"55":0,"56":0,"57":0,"58":0,"59":0,"60":0,"61":0,"62":0,"63":0,"64":0,"65":0,"66":0,"67":0,"68":0,"69":0,"70":0,"71":0,"72":0,"73":0,"74":0,"75":0,"76":0,"77":1},"f":{"0":0,"1":0,"2":0,"3":0,"4":0,"5":0,"6":0,"7":0,"8":0,"9":0,"10":0,"11":0,"12":0,"13":0,"14":0,"15":0,"16":0,"17":0,"18":0,"19":0,"20":0,"21":0,"22":0,"23":0,"24":0,"25":0,"26":0,"27":0},"b":{"0":[0],"1":[0],"2":[0],"3":[0],"4":[0],"5":[0],"6":[0],"7":[0,0],"8":[0],"9":[0],"10":[0],"11":[0],"12":[0],"13":[0],"14":[0],"15":[0],"16":[0]},"inputSourceMap":{"version":3,"file":"/Users/albertsu/Desktop/sdk/src/sponsors/TokenSponsor.ts","sources":["/Users/albertsu/Desktop/sdk/src/sponsors/TokenSponsor.ts"],"names":[],"mappings":";;;AAAA,mCAA4C;AAC5C,4CAAkD;AAClD,uCAAmC;AAEnC,mDAAqE;AAErE,kCAAiD;AAEjD,MAAa,YAAa,SAAQ,iBAAO;IAGrC,YAAY,UAAsB,UAAkB,CAAC,eAAe;QAChE,KAAK,CAAC,OAAO,EAAE,+BAAmB,EAAE,qBAAqB,CAAC,CAAA;QAC1D,IAAI,CAAC,KAAK,GAAG,OAAO,CAAC,UAAW,CAAC,KAAM,CAAC,WAAW,EAAE,CAAA;IACzD,CAAC;IAED,KAAK,CAAC,mBAAmB,CAAC,UAAsB,UAAkB,CAAC,eAAe;QAC9E,MAAM,YAAY,GAAG,MAAM,YAAK,CAAC,UAAU,CAAC,IAAI,CAAC,KAAK,EAAE,OAAO,CAAC,CAAA;QAChE,OAAO,CAAC,MAAM,IAAI,CAAC,mBAAmB,CAAC,OAAO,CAAC,CAAC,GAAG,IAAI,CAAC,cAAc,CAAC,KAAK,CAAC,CAAC,CAAC,GAAG,YAAY,CAAC,KAAK,CAAC,CAAC,CAAC,CAAA;IAC3G,CAAC;IAED,KAAK,CAAC,yBAAyB,CAC3B,MAAc,EACd,UAAkB,EAClB,IAAU,EACV,UAAsB,UAAkB,CAAC,eAAe;QAExD,MAAM,KAAK,GAAG,MAAM,IAAA,uBAAgB,EAAC,OAAO,CAAC,KAAK,CAAC,CAAA;QACnD,MAAM,QAAQ,GAAG,MAAM,KAAK,CAAC,WAAW,EAAE,CAAA;QAC1C,MAAM,cAAc,GAAG,IAAI,iBAAQ,CAAC,UAAU,EAAE,sBAAU,EAAE,QAAQ,CAAC,CAAA;QACrE,MAAM,KAAK,GAAG,MAAM,cAAc,CAAC,QAAQ,CAAC,CAAC,CAAC,CAAA;QAC9C,MAAM,gBAAgB,GAAG,MAAM,IAAI,CAAC,mBAAmB,CAAC,OAAO,CAAC,CAAA;QAChE,MAAM,YAAY,GAAG,MAAM,YAAK,CAAC,UAAU,CAAC,IAAI,CAAC,KAAK,EAAE,OAAO,CAAC,CAAA;QAChE,MAAM,IAAI,GAAG,MAAM,cAAc,CAAC,aAAa,CAAC,YAAY,EAAE,gBAAgB,EAAE,MAAM,EAAE,KAAK,CAAC,CAAA;QAC9F,MAAM,GAAG,GAAG,MAAM,IAAI,CAAC,QAAQ,CAAC,IAAI,CAAC,CAAA;QACrC,MAAM,OAAO,GAAG,uBAAe,CAAC,MAAM,CAClC,CAAC,SAAS,EAAE,SAAS,EAAE,SAAS,EAAE,SAAS,EAAE,OAAO,CAAC,EACrD,CAAC,YAAY,EAAE,gBAAgB,EAAE,MAAM,EAAE,KAAK,EAAE,GAAG,CAAC,CACvD,CAAA;QACD,OAAO,CAAC,MAAM,IAAI,CAAC,mBAAmB,CAAC,OAAO,CAAC,CAAC,GAAG,IAAI,CAAC,cAAc,CAAC,KAAK,CAAC,CAAC,CAAC,GAAG,YAAY,CAAC,KAAK,CAAC,CAAC,CAAC,GAAG,OAAO,CAAC,KAAK,CAAC,CAAC,CAAC,CAAA;IAC9H,CAAC;IAED,KAAK,CAAC,aAAqB,EAAE,MAAc;QACvC,OAAO,KAAK,EAAE,UAAsB,UAAkB,CAAC,eAAe,EAAE,EAAE;YACtE,MAAM,SAAS,GAAG,MAAM,YAAK,CAAC,gBAAgB,CAAC,KAAK,EAAE,MAAM,EAAE,OAAO,CAAC,CAAA;YACtE,MAAM,IAAI,GAAG,IAAI,CAAC,SAAS,CAAC,kBAAkB,CAAC,iBAAiB,EAAE,CAAC,aAAa,EAAE,SAAS,CAAC,CAAC,CAAA;YAC7F,OAAO,MAAM,IAAI,CAAC,WAAW,CAAC,IAAI,EAAE,SAAS,EAAE,OAAO,CAAC,CAAA;QAC3D,CAAC,CAAA;IACL,CAAC;IAED,OAAO,CAAC,aAAqB,EAAE,MAAc;QACzC,OAAO,KAAK,EAAE,UAAsB,UAAkB,CAAC,eAAe,EAAE,EAAE;YACtE,MAAM,SAAS,GAAG,MAAM,YAAK,CAAC,gBAAgB,CAAC,KAAK,EAAE,MAAM,EAAE,OAAO,CAAC,CAAA;YACtE,MAAM,IAAI,GAAG,IAAI,CAAC,SAAS,CAAC,kBAAkB,CAAC,sBAAsB,EAAE,CAAC,aAAa,EAAE,SAAS,CAAC,CAAC,CAAA;YAClG,OAAO,MAAM,IAAI,CAAC,MAAM,CAAC,IAAI,EAAE,OAAO,CAAC,CAAA;QAC3C,CAAC,CAAA;IACL,CAAC;IAED,KAAK,CAAC,YAAY,CAAC,KAAa,EAAE,UAAsB,UAAkB,CAAC,eAAe;QACtF,MAAM,QAAQ,GAAG,MAAM,IAAI,CAAC,WAAW,CAAC,OAAO,CAAC,CAAA;QAChD,MAAM,YAAY,GAAG,MAAM,YAAK,CAAC,UAAU,CAAC,KAAK,EAAE,OAAO,CAAC,CAAA;QAC3D,OAAO,MAAM,QAAQ,CAAC,QAAQ,CAAC,YAAY,CAAC,CAAA;IAChD,CAAC;IAED,KAAK,CAAC,eAAe,CAAC,KAAa,EAAE,OAAe,EAAE,UAAsB,UAAkB,CAAC,eAAe;QAC1G,MAAM,QAAQ,GAAG,MAAM,IAAI,CAAC,WAAW,CAAC,OAAO,CAAC,CAAA;QAChD,MAAM,SAAS,GAAG,IAAI,YAAK,CAAC,KAAK,CAAC,CAAA;QAClC,IAAI,YAAY,CAAA;QAChB,IAAI,SAAS,CAAC,QAAQ,EAAE;YACpB,YAAY,GAAG,kBAAS,CAAC,WAAW,CAAA;SACvC;aAAM;YACH,YAAY,GAAG,MAAM,SAAS,CAAC,UAAU,CAAC,OAAO,CAAC,CAAA;SACrD;QACD,OAAO,MAAM,QAAQ,CAAC,eAAe,CAAC,YAAY,EAAE,OAAO,CAAC,CAAA;IAChE,CAAC;IAED,KAAK,CAAC,WAAW,CAAC,OAAe,EAAE,UAAsB,UAAkB,CAAC,eAAe;QACvF,MAAM,QAAQ,GAAG,MAAM,IAAI,CAAC,WAAW,CAAC,OAAO,CAAC,CAAA;QAChD,OAAO,MAAM,QAAQ,CAAC,WAAW,CAAC,OAAO,CAAC,CAAA;IAC9C,CAAC;IAED,cAAc,CAAC,MAAc,EAAE,KAAa,EAAE,UAAkB;QAC5D,OAAO,KAAK,EAAE,UAAsB,UAAkB,CAAC,eAAe,EAAE,EAAE;YACtE,MAAM,QAAQ,GAAG,MAAM,YAAK,CAAC,WAAW,CAAC,KAAK,EAAE,OAAO,CAAC,CAAA;YACxD,MAAM,YAAY,GAAG,MAAM,YAAK,CAAC,UAAU,CAAC,KAAK,EAAE,OAAO,CAAC,CAAA;YAC3D,MAAM,IAAI,GAAG,CAAC,MAAM,EAAE,YAAY,EAAE,QAAQ,EAAE,UAAU,CAAC,CAAA;YACzD,MAAM,QAAQ,GAAG,IAAI,CAAC,SAAS,CAAC,kBAAkB,CAAC,cAAc,EAAE,CAAC,IAAI,CAAC,CAAC,CAAA;YAC1E,OAAO,MAAM,IAAI,CAAC,MAAM,CAAC,QAAQ,EAAE,OAAO,CAAC,CAAA;QAC/C,CAAC,CAAA;IACL,CAAC;IAED,UAAU,CAAC,KAAa,EAAE,aAAqB,EAAE,MAAc;QAC3D,OAAO,KAAK,EAAE,UAAsB,UAAkB,CAAC,eAAe,EAAE,EAAE;YACtE,MAAM,QAAQ,GAAG,IAAI,YAAK,CAAC,KAAK,CAAC,CAAA;YAEjC,MAAM,YAAY,GAAG,MAAM,QAAQ,CAAC,UAAU,CAAC,OAAO,CAAC,CAAA;YACvD,MAAM,SAAS,GAAG,MAAM,QAAQ,CAAC,gBAAgB,CAAC,MAAM,EAAE,OAAO,CAAC,CAAA;YAElE,MAAM,IAAI,GAAG,IAAI,CAAC,SAAS,CAAC,kBAAkB,CAAC,mBAAmB,EAAE,CAAC,YAAY,EAAE,aAAa,EAAE,SAAS,CAAC,CAAC,CAAA;YAC7G,OAAO,MAAM,IAAI,CAAC,MAAM,CAAC,IAAI,EAAE,OAAO,CAAC,CAAA;QAC3C,CAAC,CAAA;IACL,CAAC;IAED,YAAY,CAAC,KAAa,EAAE,aAAqB,EAAE,MAAc;QAC7D,OAAO,KAAK,EAAE,UAAsB,UAAkB,CAAC,eAAe,EAAE,EAAE;YACtE,MAAM,QAAQ,GAAG,IAAI,YAAK,CAAC,KAAK,CAAC,CAAA;YAEjC,MAAM,YAAY,GAAG,MAAM,QAAQ,CAAC,UAAU,CAAC,OAAO,CAAC,CAAA;YACvD,MAAM,SAAS,GAAG,MAAM,QAAQ,CAAC,gBAAgB,CAAC,MAAM,EAAE,OAAO,CAAC,CAAA;YAElE,MAAM,IAAI,GAAG,IAAI,CAAC,SAAS,CAAC,kBAAkB,CAAC,wBAAwB,EAAE,CAAC,YAAY,EAAE,aAAa,EAAE,SAAS,CAAC,CAAC,CAAA;YAClH,OAAO,MAAM,IAAI,CAAC,MAAM,CAAC,IAAI,EAAE,OAAO,CAAC,CAAA;QAC3C,CAAC,CAAA;IACL,CAAC;IAED,kBAAkB,CAAC,MAAgB;QAC/B,OAAO,KAAK,EAAE,UAAsB,UAAkB,CAAC,eAAe,EAAE,EAAE;YACtE,MAAM,UAAU,GAAG,MAAM,OAAO,CAAC,GAAG,CAChC,MAAM,CAAC,GAAG,CAAC,CAAC,KAAK,EAAE,EAAE;gBACjB,OAAO,YAAK,CAAC,UAAU,CAAC,KAAK,EAAE,OAAO,CAAC,CAAA;YAC3C,CAAC,CAAC,CACL,CAAA;YACD,MAAM,IAAI,GAAG,IAAI,CAAC,SAAS,CAAC,kBAAkB,CAAC,WAAW,EAAE,CAAC,UAAU,CAAC,CAAC,CAAA;YACzE,OAAO,MAAM,IAAI,CAAC,MAAM,CAAC,IAAI,EAAE,OAAO,CAAC,CAAA;QAC3C,CAAC,CAAA;IACL,CAAC;IAED,qBAAqB,CAAC,MAAgB;QAClC,OAAO,KAAK,EAAE,UAAsB,UAAkB,CAAC,eAAe,EAAE,EAAE;YACtE,MAAM,UAAU,GAAG,MAAM,OAAO,CAAC,GAAG,CAChC,MAAM,CAAC,GAAG,CAAC,CAAC,KAAK,EAAE,EAAE;gBACjB,OAAO,YAAK,CAAC,UAAU,CAAC,KAAK,EAAE,OAAO,CAAC,CAAA;YAC3C,CAAC,CAAC,CACL,CAAA;YACD,MAAM,IAAI,GAAG,IAAI,CAAC,SAAS,CAAC,kBAAkB,CAAC,cAAc,EAAE,CAAC,UAAU,CAAC,CAAC,CAAA;YAC5E,OAAO,MAAM,IAAI,CAAC,MAAM,CAAC,IAAI,EAAE,OAAO,CAAC,CAAA;QAC3C,CAAC,CAAA;IACL,CAAC;IAED,gBAAgB,CAAC,KAAa;QAC1B,OAAO,KAAK,EAAE,UAAsB,UAAkB,CAAC,eAAe,EAAE,EAAE;YACtE,MAAM,IAAI,GAAG,IAAI,CAAC,SAAS,CAAC,kBAAkB,CAAC,kBAAkB,EAAE,CAAC,KAAK,CAAC,CAAC,CAAA;YAC3E,OAAO,MAAM,IAAI,CAAC,MAAM,CAAC,IAAI,EAAE,OAAO,CAAC,CAAA;QAC3C,CAAC,CAAA;IACL,CAAC;IAED,uBAAuB,CAAC,KAAa,EAAE,YAAoB;QACvD,OAAO,KAAK,EAAE,UAAsB,UAAkB,CAAC,eAAe,EAAE,EAAE;YACtE,MAAM,IAAI,GAAG,IAAI,CAAC,SAAS,CAAC,kBAAkB,CAAC,yBAAyB,EAAE,CAAC,KAAK,EAAE,YAAY,CAAC,CAAC,CAAA;YAChG,OAAO,MAAM,IAAI,CAAC,MAAM,CAAC,IAAI,EAAE,OAAO,CAAC,CAAA;QAC3C,CAAC,CAAA;IACL,CAAC;IAED,OAAO,CAAC,KAAa,EAAE,MAAc;QACjC,OAAO,KAAK,EAAE,UAAsB,UAAkB,CAAC,eAAe,EAAE,EAAE;YACtE,MAAM,iBAAiB,GAAG,MAAM,IAAI,CAAC,mBAAmB,CAAC,OAAO,CAAC,CAAA;YACjE,OAAO,MAAM,YAAK,CAAC,OAAO,CAAC,KAAK,EAAE,iBAAiB,EAAE,MAAM,CAAC,CAAA;QAChE,CAAC,CAAA;IACL,CAAC;CACJ;AAvJD,oCAuJC","sourcesContent":["import { Contract, constants } from \"ethers\"\nimport { defaultAbiCoder } from \"ethers/lib/utils\"\nimport { Sponsor } from \"./Sponsor\"\nimport { Auth } from \"../auth\"\nimport { TOKEN_PAYMASTER_ABI, WALLET_ABI } from \"../common/constants\"\nimport { EnvOption } from \"../config\"\nimport { Token, getChainFromData } from \"../data\"\n\nexport class TokenSponsor extends Sponsor {\n    token: string\n\n    constructor(options: EnvOption = (globalThis as any).globalEnvOption) {\n        super(options, TOKEN_PAYMASTER_ABI, \"tokenSponsorAddress\")\n        this.token = options.gasSponsor!.token!.toLowerCase()\n    }\n\n    async getPaymasterAndData(options: EnvOption = (globalThis as any).globalEnvOption): Promise<string> {\n        const tokenAddress = await Token.getAddress(this.token, options)\n        return (await this.getPaymasterAddress(options)) + this.sponsorAddress.slice(2) + tokenAddress.slice(2)\n    }\n\n    async getPaymasterAndDataPermit(\n        amount: number,\n        walletAddr: string,\n        auth: Auth,\n        options: EnvOption = (globalThis as any).globalEnvOption\n    ): Promise<string> {\n        const chain = await getChainFromData(options.chain)\n        const provider = await chain.getProvider()\n        const walletContract = new Contract(walletAddr, WALLET_ABI, provider)\n        const nonce = await walletContract.getNonce(0)\n        const paymasterAddress = await this.getPaymasterAddress(options)\n        const tokenAddress = await Token.getAddress(this.token, options)\n        const hash = await walletContract.getPermitHash(tokenAddress, paymasterAddress, amount, nonce)\n        const sig = await auth.signHash(hash)\n        const encoded = defaultAbiCoder.encode(\n            [\"address\", \"address\", \"uint256\", \"uint256\", \"bytes\"],\n            [tokenAddress, paymasterAddress, amount, nonce, sig]\n        )\n        return (await this.getPaymasterAddress(options)) + this.sponsorAddress.slice(2) + tokenAddress.slice(2) + encoded.slice(2)\n    }\n\n    stake(walletAddress: string, amount: number): Function {\n        return async (options: EnvOption = (globalThis as any).globalEnvOption) => {\n            const amountdec = await Token.getDecimalAmount(\"eth\", amount, options)\n            const data = this.interface.encodeFunctionData(\"addEthDepositTo\", [walletAddress, amountdec])\n            return await this.encodeValue(data, amountdec, options)\n        }\n    }\n\n    unstake(walletAddress: string, amount: number): Function {\n        return async (options: EnvOption = (globalThis as any).globalEnvOption) => {\n            const amountdec = await Token.getDecimalAmount(\"eth\", amount, options)\n            const data = this.interface.encodeFunctionData(\"withdrawEthDepositTo\", [walletAddress, amountdec])\n            return await this.encode(data, options)\n        }\n    }\n\n    async getTokenInfo(token: string, options: EnvOption = (globalThis as any).globalEnvOption) {\n        const contract = await this.getContract(options)\n        const tokenAddress = await Token.getAddress(token, options)\n        return await contract.getToken(tokenAddress)\n    }\n\n    async getTokenBalance(token: string, spender: string, options: EnvOption = (globalThis as any).globalEnvOption) {\n        const contract = await this.getContract(options)\n        const tokenData = new Token(token)\n        let tokenAddress\n        if (tokenData.isNative) {\n            tokenAddress = constants.AddressZero\n        } else {\n            tokenAddress = await tokenData.getAddress(options)\n        }\n        return await contract.getTokenBalance(tokenAddress, spender)\n    }\n\n    async getListMode(spender: string, options: EnvOption = (globalThis as any).globalEnvOption) {\n        const contract = await this.getContract(options)\n        return await contract.getListMode(spender)\n    }\n\n    addUsableToken(oracle: string, token: string, aggregator: string) {\n        return async (options: EnvOption = (globalThis as any).globalEnvOption) => {\n            const decimals = await Token.getDecimals(token, options)\n            const tokenAddress = await Token.getAddress(token, options)\n            const data = [oracle, tokenAddress, decimals, aggregator]\n            const calldata = this.interface.encodeFunctionData(\"setTokenData\", [data])\n            return await this.encode(calldata, options)\n        }\n    }\n\n    stakeToken(token: string, walletAddress: string, amount: number) {\n        return async (options: EnvOption = (globalThis as any).globalEnvOption) => {\n            const tokenObj = new Token(token)\n\n            const tokenAddress = await tokenObj.getAddress(options)\n            const amountdec = await tokenObj.getDecimalAmount(amount, options)\n\n            const data = this.interface.encodeFunctionData(\"addTokenDepositTo\", [tokenAddress, walletAddress, amountdec])\n            return await this.encode(data, options)\n        }\n    }\n\n    unstakeToken(token: string, walletAddress: string, amount: number) {\n        return async (options: EnvOption = (globalThis as any).globalEnvOption) => {\n            const tokenObj = new Token(token)\n\n            const tokenAddress = await tokenObj.getAddress(options)\n            const amountdec = await tokenObj.getDecimalAmount(amount, options)\n\n            const data = this.interface.encodeFunctionData(\"withdrawTokenDepositTo\", [tokenAddress, walletAddress, amountdec])\n            return await this.encode(data, options)\n        }\n    }\n\n    addWhitelistTokens(tokens: string[]) {\n        return async (options: EnvOption = (globalThis as any).globalEnvOption) => {\n            const sendTokens = await Promise.all(\n                tokens.map((token) => {\n                    return Token.getAddress(token, options)\n                })\n            )\n            const data = this.interface.encodeFunctionData(\"useTokens\", [sendTokens])\n            return await this.encode(data, options)\n        }\n    }\n\n    removeWhitelistTokens(tokens: string[]) {\n        return async (options: EnvOption = (globalThis as any).globalEnvOption) => {\n            const sendTokens = await Promise.all(\n                tokens.map((token) => {\n                    return Token.getAddress(token, options)\n                })\n            )\n            const data = this.interface.encodeFunctionData(\"removeTokens\", [sendTokens])\n            return await this.encode(data, options)\n        }\n    }\n\n    lockTokenDeposit(token: string) {\n        return async (options: EnvOption = (globalThis as any).globalEnvOption) => {\n            const data = this.interface.encodeFunctionData(\"lockTokenDeposit\", [token])\n            return await this.encode(data, options)\n        }\n    }\n\n    unlockTokenDepositAfter(token: string, blocksToWait: number) {\n        return async (options: EnvOption = (globalThis as any).globalEnvOption) => {\n            const data = this.interface.encodeFunctionData(\"unlockTokenDepositAfter\", [token, blocksToWait])\n            return await this.encode(data, options)\n        }\n    }\n\n    approve(token: string, amount: number) {\n        return async (options: EnvOption = (globalThis as any).globalEnvOption) => {\n            const gasSponsorAddress = await this.getPaymasterAddress(options)\n            return await Token.approve(token, gasSponsorAddress, amount)\n        }\n    }\n}\n"]},"_coverageSchema":"1a1c01bbd47fc00a2c39e90264f33305004495a9","hash":"738346dc28539d9e72cbb3d3753c45966adc25f6","contentHash":"e450329060610a9f0aa29373894499f338253379e4abe4eb151855126d2a7aae"}}